\BOOKMARK [0][-]{chapter.1}{General Introduction}{}% 1
\BOOKMARK [1][-]{section.1.1}{The fungi}{chapter.1}% 2
\BOOKMARK [1][-]{section.1.2}{Fungal growth}{chapter.1}% 3
\BOOKMARK [2][-]{subsection.1.2.1}{Growth in submerged batch culture}{section.1.2}% 4
\BOOKMARK [1][-]{section.1.3}{Industrial fermentation of fungi}{chapter.1}% 5
\BOOKMARK [2][-]{subsection.1.3.1}{Submerged industrial processes}{section.1.3}% 6
\BOOKMARK [2][-]{subsection.1.3.2}{Solid-state processes}{section.1.3}% 7
\BOOKMARK [1][-]{section.1.4}{Influence of process variables on morphology and metabolite production in submerged fermentations}{chapter.1}% 8
\BOOKMARK [2][-]{subsection.1.4.1}{Inoculum concentration}{section.1.4}% 9
\BOOKMARK [2][-]{subsection.1.4.2}{Mechanical agitation}{section.1.4}% 10
\BOOKMARK [2][-]{subsection.1.4.3}{Carbon and nitrogen sources}{section.1.4}% 11
\BOOKMARK [2][-]{subsection.1.4.4}{Culture pH}{section.1.4}% 12
\BOOKMARK [2][-]{subsection.1.4.5}{Supplementation with metal ions}{section.1.4}% 13
\BOOKMARK [2][-]{subsection.1.4.6}{Supplementation with surface active agents and polymers}{section.1.4}% 14
\BOOKMARK [2][-]{subsection.1.4.7}{Significance of branching}{section.1.4}% 15
\BOOKMARK [1][-]{section.1.5}{Morphological quantification of filamentous microbes}{chapter.1}% 16
\BOOKMARK [2][-]{subsection.1.5.1}{Development of image processing systems for mycelial analysis}{section.1.5}% 17
\BOOKMARK [2][-]{subsection.1.5.2}{Analysis of macroscopic pellets}{section.1.5}% 18
\BOOKMARK [2][-]{subsection.1.5.3}{Analysis of spores and germination rates}{section.1.5}% 19
\BOOKMARK [2][-]{subsection.1.5.4}{Other applications of image processing to the study of filamentous microbes}{section.1.5}% 20
\BOOKMARK [1][-]{section.1.6}{Conclusions}{chapter.1}% 21
\BOOKMARK [1][-]{section.1.7}{Aims of this study}{chapter.1}% 22
\BOOKMARK [2][-]{subsection.1.7.1}{Thesis overview}{section.1.7}% 23
\BOOKMARK [1][-]{section*.25}{References}{chapter.1}% 24
