This is pdfTeX, Version 3.1415926-1.40.9 (MiKTeX 2.7) (preloaded format=pdflatex 2010.2.24)  25 FEB 2010 15:36
entering extended mode
**C:/Users/Dave/Desktop/My*Dropbox/Thesis/C4/C4Main.tex
("C:/Users/Dave/Desktop/My Dropbox/Thesis/C4/C4Main.tex"
LaTeX2e <2009/09/24>
Babel <v3.8l> and hyphenation patterns for english, dumylang, nohyphenation, german, ngerman, german-x-2009-06-19, ngerm
an-x-2009-06-19, french, loaded.
("d:\Program Files\MiKTeX 2.7\tex\latex\base\report.cls"
Document Class: report 2007/10/19 v1.4h Standard LaTeX document class
("d:\Program Files\MiKTeX 2.7\tex\latex\base\size12.clo"
File: size12.clo 2007/10/19 v1.4h Standard LaTeX file (size option)
)
\c@part=\count79
\c@chapter=\count80
\c@section=\count81
\c@subsection=\count82
\c@subsubsection=\count83
\c@paragraph=\count84
\c@subparagraph=\count85
\c@figure=\count86
\c@table=\count87
\abovecaptionskip=\skip41
\belowcaptionskip=\skip42
\bibindent=\dimen102
)
("C:\Users\Dave\Desktop\My Dropbox\Thesis\Compilation\topmatter.tex"
("d:\Program Files\MiKTeX 2.7\tex\latex\pstool\pstool.sty"
Package: pstool 2009/07/17 v1.3 Wrapper for processing PostScript/psfrag figures

("d:\Program Files\MiKTeX 2.7\tex\generic\oberdiek\catchfile.sty"
Package: catchfile 2007/11/11 v1.2 Catches the contents of a file (HO)

("d:\Program Files\MiKTeX 2.7\tex\generic\oberdiek\infwarerr.sty"
Package: infwarerr 2007/09/09 v1.2 Providing info/warning/message (HO)
))
("d:\Program Files\MiKTeX 2.7\tex\latex\graphics\color.sty"
Package: color 2005/11/14 v1.0j Standard LaTeX Color (DPC)
 ("d:\Program Files\MiKTeX 2.7\tex\latex\00miktex\color.cfg"
File: color.cfg 2007/01/18 v1.5 color configuration of teTeX/TeXLive
)
Package color Info: Driver file: pdftex.def on input line 130.
("d:\Program Files\MiKTeX 2.7\tex\latex\pdftex-def\pdftex.def"
File: pdftex.def 2009/08/25 v0.04m Graphics/color for pdfTeX
\Gread@gobject=\count88
))
("d:\Program Files\MiKTeX 2.7\tex\generic\oberdiek\ifpdf.sty"
Package: ifpdf 2010/01/28 v2.1 Provides the ifpdf switch (HO)
Package ifpdf Info: pdfTeX in pdf mode detected.
)
("d:\Program Files\MiKTeX 2.7\tex\latex\ifplatform\ifplatform.sty"
Package: ifplatform 2009/09/10 v0.3a Testing for the operating system

("d:\Program Files\MiKTeX 2.7\tex\generic\oberdiek\pdftexcmds.sty"
Package: pdftexcmds 2009/12/12 v0.7 Utility functions of pdfTeX for LuaTeX (HO)

("d:\Program Files\MiKTeX 2.7\tex\generic\oberdiek\ifluatex.sty"
Package: ifluatex 2009/04/17 v1.2 Provides the ifluatex switch (HO)
Package ifluatex Info: LuaTeX not detected.
)
("d:\Program Files\MiKTeX 2.7\tex\generic\oberdiek\ltxcmds.sty"
Package: ltxcmds 2010/01/28 v1.2 LaTeX kernel commands for general use (HO)
)
Package pdftexcmds Info: LuaTeX not detected.
Package pdftexcmds Info: \pdf@primitive is available.
Package pdftexcmds Info: \pdf@ifprimitive is available.
))
("d:\Program Files\MiKTeX 2.7\tex\latex\graphics\graphicx.sty"
Package: graphicx 1999/02/16 v1.0f Enhanced LaTeX Graphics (DPC,SPQR)

("d:\Program Files\MiKTeX 2.7\tex\latex\graphics\keyval.sty"
Package: keyval 1999/03/16 v1.13 key=value parser (DPC)
\KV@toks@=\toks14
)
("d:\Program Files\MiKTeX 2.7\tex\latex\graphics\graphics.sty"
Package: graphics 2009/02/05 v1.0o Standard LaTeX Graphics (DPC,SPQR)
 ("d:\Program Files\MiKTeX 2.7\tex\latex\graphics\trig.sty"
Package: trig 1999/03/16 v1.09 sin cos tan (DPC)
) ("d:\Program Files\MiKTeX 2.7\tex\latex\00miktex\graphics.cfg"
File: graphics.cfg 2007/01/18 v1.5 graphics configuration of teTeX/TeXLive
)
Package graphics Info: Driver file: pdftex.def on input line 91.
)
\Gin@req@height=\dimen103
\Gin@req@width=\dimen104
)
("d:\Program Files\MiKTeX 2.7\tex\latex\psfrag\psfrag.sty"
Package: psfrag 1998/04/11 v3.04 PSfrag (MCG)
\pfg@pcount=\count89
\pfg@scount=\count90
\pfg@temp=\write3
) ("d:\Program Files\MiKTeX 2.7\tex\latex\bigfoot\suffix.sty"
Package: suffix 2006/07/15 1.5 Variant command support
) ("d:\Program Files\MiKTeX 2.7\tex\latex\xkeyval\xkeyval.sty"
Package: xkeyval 2008/08/13 v2.6a package option processing (HA)

("d:\Program Files\MiKTeX 2.7\tex\generic\xkeyval\xkeyval.tex"
\XKV@toks=\toks15
\XKV@tempa@toks=\toks16
\XKV@depth=\count91
File: xkeyval.tex 2008/08/13 v2.6a key=value parser (HA)
))
\pstool@out=\write4
)
("d:\Program Files\MiKTeX 2.7\tex\latex\algorithms\algorithm.sty"
Package: algorithm 2009/08/24 v0.1 Document Style `algorithm' - floating environment
 ("d:\Program Files\MiKTeX 2.7\tex\latex\float\float.sty"
Package: float 2001/11/08 v1.3d Float enhancements (AL)
\c@float@type=\count92
\float@exts=\toks17
\float@box=\box26
\@float@everytoks=\toks18
\@floatcapt=\box27
) ("d:\Program Files\MiKTeX 2.7\tex\latex\base\ifthen.sty"
Package: ifthen 2001/05/26 v1.1c Standard LaTeX ifthen package (DPC)
)
\@float@every@algorithm=\toks19
\c@algorithm=\count93
)
("d:\Program Files\MiKTeX 2.7\tex\latex\algorithms\algorithmic.sty"
Package: algorithmic 2009/08/24 v0.1 Document Style `algorithmic'
\c@ALC@unique=\count94
\c@ALC@line=\count95
\c@ALC@rem=\count96
\c@ALC@depth=\count97
\ALC@tlm=\skip43
\algorithmicindent=\skip44
)
("d:\Program Files\MiKTeX 2.7\tex\latex\titlesec\titlesec.sty"
Package: titlesec 2007/08/12 v2.8 Sectioning titles
\ttl@box=\box28
\beforetitleunit=\skip45
\aftertitleunit=\skip46
\ttl@plus=\dimen105
\ttl@minus=\dimen106
\ttl@toksa=\toks20
\titlewidth=\dimen107
\titlewidthlast=\dimen108
\titlewidthfirst=\dimen109
)
("d:\Program Files\MiKTeX 2.7\tex\latex\ltxmisc\threeparttable.sty"
Package: threeparttable 2003/06/13  v 3.0
\@tempboxb=\box29
)
("d:\Program Files\MiKTeX 2.7\tex\latex\tools\tabularx.sty"
Package: tabularx 1999/01/07 v2.07 `tabularx' package (DPC)
 ("d:\Program Files\MiKTeX 2.7\tex\latex\tools\array.sty"
Package: array 2008/09/09 v2.4c Tabular extension package (FMi)
\col@sep=\dimen110
\extrarowheight=\dimen111
\NC@list=\toks21
\extratabsurround=\skip47
\backup@length=\skip48
)
\TX@col@width=\dimen112
\TX@old@table=\dimen113
\TX@old@col=\dimen114
\TX@target=\dimen115
\TX@delta=\dimen116
\TX@cols=\count98
\TX@ftn=\toks22
)
("d:\Program Files\MiKTeX 2.7\tex\latex\booktabs\booktabs.sty"
Package: booktabs 2005/04/14 v1.61803 publication quality tables
\heavyrulewidth=\dimen117
\lightrulewidth=\dimen118
\cmidrulewidth=\dimen119
\belowrulesep=\dimen120
\belowbottomsep=\dimen121
\aboverulesep=\dimen122
\abovetopsep=\dimen123
\cmidrulesep=\dimen124
\cmidrulekern=\dimen125
\defaultaddspace=\dimen126
\@cmidla=\count99
\@cmidlb=\count100
\@aboverulesep=\dimen127
\@belowrulesep=\dimen128
\@thisruleclass=\count101
\@lastruleclass=\count102
\@thisrulewidth=\dimen129
) ("d:\Program Files\MiKTeX 2.7\tex\latex\natbib\natbib.sty"
Package: natbib 2009/11/07 8.31a (PWD, AO)
\bibhang=\skip49
\bibsep=\skip50
LaTeX Info: Redefining \cite on input line 694.
\c@NAT@ctr=\count103
) ("d:\Program Files\MiKTeX 2.7\tex\latex\amsfonts\amsfonts.sty"
Package: amsfonts 2009/06/22 v3.00 Basic AMSFonts support
\@emptytoks=\toks23
\symAMSa=\mathgroup4
\symAMSb=\mathgroup5
LaTeX Font Info:    Overwriting math alphabet `\mathfrak' in version `bold'
(Font)                  U/euf/m/n --> U/euf/b/n on input line 96.
)
("d:\Program Files\MiKTeX 2.7\tex\latex\ams\math\amsmath.sty"
Package: amsmath 2000/07/18 v2.13 AMS math features
\@mathmargin=\skip51

For additional information on amsmath, use the `?' option.
("d:\Program Files\MiKTeX 2.7\tex\latex\ams\math\amstext.sty"
Package: amstext 2000/06/29 v2.01
 ("d:\Program Files\MiKTeX 2.7\tex\latex\ams\math\amsgen.sty"
File: amsgen.sty 1999/11/30 v2.0
\@emptytoks=\toks24
\ex@=\dimen130
)) ("d:\Program Files\MiKTeX 2.7\tex\latex\ams\math\amsbsy.sty"
Package: amsbsy 1999/11/29 v1.2d
\pmbraise@=\dimen131
)
("d:\Program Files\MiKTeX 2.7\tex\latex\ams\math\amsopn.sty"
Package: amsopn 1999/12/14 v2.01 operator names
)
\inf@bad=\count104
LaTeX Info: Redefining \frac on input line 211.
\uproot@=\count105
\leftroot@=\count106
LaTeX Info: Redefining \overline on input line 307.
\classnum@=\count107
\DOTSCASE@=\count108
LaTeX Info: Redefining \ldots on input line 379.
LaTeX Info: Redefining \dots on input line 382.
LaTeX Info: Redefining \cdots on input line 467.
\Mathstrutbox@=\box30
\strutbox@=\box31
\big@size=\dimen132
LaTeX Font Info:    Redeclaring font encoding OML on input line 567.
LaTeX Font Info:    Redeclaring font encoding OMS on input line 568.
\macc@depth=\count109
\c@MaxMatrixCols=\count110
\dotsspace@=\muskip10
\c@parentequation=\count111
\dspbrk@lvl=\count112
\tag@help=\toks25
\row@=\count113
\column@=\count114
\maxfields@=\count115
\andhelp@=\toks26
\eqnshift@=\dimen133
\alignsep@=\dimen134
\tagshift@=\dimen135
\tagwidth@=\dimen136
\totwidth@=\dimen137
\lineht@=\dimen138
\@envbody=\toks27
\multlinegap=\skip52
\multlinetaggap=\skip53
\mathdisplay@stack=\toks28
LaTeX Info: Redefining \[ on input line 2666.
LaTeX Info: Redefining \] on input line 2667.
)
("d:\Program Files\MiKTeX 2.7\tex\latex\amsfonts\amssymb.sty"
Package: amssymb 2009/06/22 v3.00
)
("d:\Program Files\MiKTeX 2.7\tex\latex\fancyhdr\fancyhdr.sty"
\fancy@headwidth=\skip54
\f@ncyO@elh=\skip55
\f@ncyO@erh=\skip56
\f@ncyO@olh=\skip57
\f@ncyO@orh=\skip58
\f@ncyO@elf=\skip59
\f@ncyO@erf=\skip60
\f@ncyO@olf=\skip61
\f@ncyO@orf=\skip62
)
("d:\Program Files\MiKTeX 2.7\tex\latex\hyperref\hyperref.sty"
Package: hyperref 2010/02/08 v6.80e Hypertext links for LaTeX

("d:\Program Files\MiKTeX 2.7\tex\generic\oberdiek\kvsetkeys.sty"
Package: kvsetkeys 2010/01/28 v1.8 Key value parser (HO)

("d:\Program Files\MiKTeX 2.7\tex\generic\oberdiek\etexcmds.sty"
Package: etexcmds 2010/01/28 v1.3 Prefix for e-TeX command names (HO)
Package etexcmds Info: Could not find \expanded.
(etexcmds)             That can mean that you are not using pdfTeX 1.50 or
(etexcmds)             that some package has redefined \expanded.
(etexcmds)             In the latter case, load this package earlier.
))
("d:\Program Files\MiKTeX 2.7\tex\generic\oberdiek\pdfescape.sty"
Package: pdfescape 2007/11/11 v1.8 Provides hex, PDF name and string conversions (HO)
)
("d:\Program Files\MiKTeX 2.7\tex\generic\oberdiek\ifvtex.sty"
Package: ifvtex 2008/11/04 v1.4 Switches for detecting VTeX and its modes (HO)
Package ifvtex Info: VTeX not detected.
)
("d:\Program Files\MiKTeX 2.7\tex\latex\ifxetex\ifxetex.sty"
Package: ifxetex 2009/01/23 v0.5 Provides ifxetex conditional
)
("d:\Program Files\MiKTeX 2.7\tex\latex\oberdiek\hycolor.sty"
Package: hycolor 2009/12/12 v1.6 Color options of hyperref/bookmark (HO)

("d:\Program Files\MiKTeX 2.7\tex\latex\oberdiek\xcolor-patch.sty"
Package: xcolor-patch 2009/12/12 xcolor patch
))
("d:\Program Files\MiKTeX 2.7\tex\latex\oberdiek\letltxmacro.sty"
Package: letltxmacro 2008/06/24 v1.3 Let assignment for LaTeX macros (HO)
)
\@linkdim=\dimen139
\Hy@linkcounter=\count116
\Hy@pagecounter=\count117

("d:\Program Files\MiKTeX 2.7\tex\latex\hyperref\pd1enc.def"
File: pd1enc.def 2010/02/08 v6.80e Hyperref: PDFDocEncoding definition (HO)
)
("d:\Program Files\MiKTeX 2.7\tex\generic\oberdiek\intcalc.sty"
Package: intcalc 2007/09/27 v1.1 Expandable integer calculations (HO)
)
("d:\Program Files\MiKTeX 2.7\tex\latex\00miktex\hyperref.cfg"
File: hyperref.cfg 2002/06/06 v1.2 hyperref configuration of TeXLive
)
("d:\Program Files\MiKTeX 2.7\tex\latex\oberdiek\kvoptions.sty"
Package: kvoptions 2009/12/08 v3.6 Keyval support for LaTeX options (HO)
)
Package hyperref Info: Hyper figures OFF on input line 3296.
Package hyperref Info: Link nesting OFF on input line 3301.
Package hyperref Info: Hyper index ON on input line 3304.
Package hyperref Info: Plain pages OFF on input line 3311.
Package hyperref Info: Backreferencing OFF on input line 3316.

Implicit mode ON; LaTeX internals redefined
Package hyperref Info: Bookmarks ON on input line 3512.
("d:\Program Files\MiKTeX 2.7\tex\latex\ltxmisc\url.sty"
\Urlmuskip=\muskip11
Package: url 2006/04/12  ver 3.3  Verb mode for urls, etc.
)
LaTeX Info: Redefining \url on input line 3749.
 ("d:\Program Files\MiKTeX 2.7\tex\generic\oberdiek\bitset.sty"
Package: bitset 2007/09/28 v1.0 Data type bit set (HO)
("d:\Program Files\MiKTeX 2.7\tex\generic\oberdiek\bigintcalc.sty"
Package: bigintcalc 2007/11/11 v1.1 Expandable big integer calculations (HO)
))
\Fld@menulength=\count118
\Field@Width=\dimen140
\Fld@charsize=\dimen141
\Field@toks=\toks29
Package hyperref Info: Hyper figures OFF on input line 4708.
Package hyperref Info: Link nesting OFF on input line 4713.
Package hyperref Info: Hyper index ON on input line 4716.
Package hyperref Info: backreferencing OFF on input line 4723.
Package hyperref Info: Link coloring OFF on input line 4728.
Package hyperref Info: Link coloring with OCG OFF on input line 4733.
Package hyperref Info: PDF/A mode OFF on input line 4738.
LaTeX Info: Redefining \ref on input line 4778.
LaTeX Info: Redefining \pageref on input line 4782.

("d:\Program Files\MiKTeX 2.7\tex\generic\oberdiek\atbegshi.sty"
Package: atbegshi 2009/12/02 v1.10 At begin shipout hook (HO)
)
\Hy@abspage=\count119
\c@Item=\count120
)
*hyperref using default driver hpdftex*
("d:\Program Files\MiKTeX 2.7\tex\latex\hyperref\hpdftex.def"
File: hpdftex.def 2010/02/08 v6.80e Hyperref driver for pdfTeX

("d:\Program Files\MiKTeX 2.7\tex\latex\oberdiek\atveryend.sty"
Package: atveryend 2010/01/25 v1.4 Hooks at very end of document (HO)
Package atveryend Info: \enddocument detected (standard).
)
\Fld@listcount=\count121
\c@bookmark@seq@number=\count122

("d:\Program Files\MiKTeX 2.7\tex\latex\oberdiek\rerunfilecheck.sty"
Package: rerunfilecheck 2010/01/25 v1.3 Rerun checks for auxiliary files (HO)

("d:\Program Files\MiKTeX 2.7\tex\generic\oberdiek\uniquecounter.sty"
Package: uniquecounter 2009/12/18 v1.1 Provides unlimited unique counter (HO)
)
Package uniquecounter Info: New unique counter `rerunfilecheck' on input line 270.
)
\Hy@SectionHShift=\skip63
)
Package hyperref Info: Option `breaklinks' set `true' on input line 35.
Package hyperref Info: Option `linktocpage' set `true' on input line 35.
Package hyperref Info: Option `unicode' set `false' on input line 35.

("d:\Program Files\MiKTeX 2.7\tex\latex\hyperref\puenc.def"
File: puenc.def 2010/02/08 v6.80e Hyperref: PDF Unicode definition (HO)
)
Package hyperref Info: Option `bookmarksopen' set `true' on input line 35.
Package hyperref Info: Option `colorlinks' set `true' on input line 35.
 ("d:\Program Files\MiKTeX 2.7\tex\latex\subfig\subfig.sty"
Package: subfig 2005/06/28 ver: 1.3 subfig package

("d:\Program Files\MiKTeX 2.7\tex\latex\caption\caption.sty"
Package: caption 2010/01/09 v3.1m Customizing captions (AR)
 ("d:\Program Files\MiKTeX 2.7\tex\latex\caption\caption3.sty"
Package: caption3 2010/01/14 v3.1m caption3 kernel (AR)
\captionmargin=\dimen142
\captionmargin@=\dimen143
\captionwidth=\dimen144
\caption@indent=\dimen145
\caption@parindent=\dimen146
\caption@hangindent=\dimen147
)
\c@ContinuedFloat=\count123
Package caption Info: float package is loaded.
Package caption Info: hyperref package is loaded.
Package caption Info: threeparttable package is loaded.
)
\c@KVtest=\count124
\sf@farskip=\skip64
\sf@captopadj=\dimen148
\sf@capskip=\skip65
\sf@nearskip=\skip66
\c@subfigure=\count125
\c@subfigure@save=\count126
\c@lofdepth=\count127
\c@subtable=\count128
\c@subtable@save=\count129
\c@lotdepth=\count130
\sf@top=\skip67
\sf@bottom=\skip68
)
Package color Info: Redefining color red on input line 99.
Package color Info: Redefining color green on input line 100.
Package color Info: Redefining color blue on input line 101.
) (C4Main.aux)
LaTeX Font Info:    Checking defaults for OML/cmm/m/it on input line 5.
LaTeX Font Info:    ... okay on input line 5.
LaTeX Font Info:    Checking defaults for T1/cmr/m/n on input line 5.
LaTeX Font Info:    ... okay on input line 5.
LaTeX Font Info:    Checking defaults for OT1/cmr/m/n on input line 5.
LaTeX Font Info:    ... okay on input line 5.
LaTeX Font Info:    Checking defaults for OMS/cmsy/m/n on input line 5.
LaTeX Font Info:    ... okay on input line 5.
LaTeX Font Info:    Checking defaults for OMX/cmex/m/n on input line 5.
LaTeX Font Info:    ... okay on input line 5.
LaTeX Font Info:    Checking defaults for U/cmr/m/n on input line 5.
LaTeX Font Info:    ... okay on input line 5.
LaTeX Font Info:    Checking defaults for PD1/pdf/m/n on input line 5.
LaTeX Font Info:    ... okay on input line 5.
LaTeX Font Info:    Checking defaults for PU/pdf/m/n on input line 5.
LaTeX Font Info:    ... okay on input line 5.
 ("d:\Program Files\MiKTeX 2.7\tex\context\base\supp-pdf.tex"
[Loading MPS to PDF converter (version 2006.09.02).]
\scratchcounter=\count131
\scratchdimen=\dimen149
\scratchbox=\box32
\nofMPsegments=\count132
\nofMParguments=\count133
\everyMPshowfont=\toks30
\MPscratchCnt=\count134
\MPscratchDim=\dimen150
\MPnumerator=\count135
\everyMPtoPDFconversion=\toks31
)
Package hyperref Info: Link coloring ON on input line 5.
 ("d:\Program Files\MiKTeX 2.7\tex\latex\hyperref\nameref.sty"
Package: nameref 2010/01/25 v2.36 Cross-referencing by name of section

("d:\Program Files\MiKTeX 2.7\tex\latex\oberdiek\refcount.sty"
Package: refcount 2008/08/11 v3.1 Data extraction from references (HO)
)
("d:\Program Files\MiKTeX 2.7\tex\generic\oberdiek\gettitlestring.sty"
Package: gettitlestring 2009/12/18 v1.3 Cleanup title references (HO)
)
\c@section@level=\count136
)
LaTeX Info: Redefining \ref on input line 5.
LaTeX Info: Redefining \pageref on input line 5.
 (C4Main.out) (C4Main.out)
\@outlinefile=\write5
\AtBeginShipoutBox=\box33
Package caption Info: Begin \AtBeginDocument code.
Package caption3 Info: subfig package 1.2 or 1.3 is loaded.
LaTeX Info: Redefining \subref on input line 5.
Package caption Info: End \AtBeginDocument code.

Chapter 4.
(C4Introduction.tex
LaTeX Font Info:    Try loading font information for U+msa on input line 7.
 ("d:\Program Files\MiKTeX 2.7\tex\latex\amsfonts\umsa.fd"
File: umsa.fd 2009/06/22 v3.00 AMS symbols A
)
LaTeX Font Info:    Try loading font information for U+msb on input line 7.

("d:\Program Files\MiKTeX 2.7\tex\latex\amsfonts\umsb.fd"
File: umsb.fd 2009/06/22 v3.00 AMS symbols B
) [1
Non-PDF special ignored!


{C:/Users/Dave/AppData/Local/MiKTeX/2.7/pdftex/config/pdftex.map}] [2] [3] [4]) [5]
(C4Methodology.tex) (C4Results.tex <../C4/SporeApDist.pdf, id=169, 298.11375pt x 210.7875pt>
File: ../C4/SporeApDist.pdf Graphic file (type pdf)

<use ../C4/SporeApDist.pdf> <../C4/SporeCDist.pdf, id=170, 298.11375pt x 207.77625pt>
File: ../C4/SporeCDist.pdf Graphic file (type pdf)
 <use ../C4/SporeCDist.pdf>
[6] [7] [8 <C:/Users/Dave/Desktop/My Dropbox/Thesis/C4/SporeApDist.pdf> <C:/Users/Dave/Desktop/My Dropbox/Thesis/C4/Spor
eCDist.pdf>] <../C4/ApsCsT.pdf, id=227, 312.16624pt x 220.825pt>
File: ../C4/ApsCsT.pdf Graphic file (type pdf)
 <use ../C4/ApsCsT.pdf>
<../C4/ApDist0h.pdf, id=228, 203.76125pt x 155.58125pt>
File: ../C4/ApDist0h.pdf Graphic file (type pdf)
 <use ../C4/ApDist0h.pdf>
<../C4/ApDist2h.pdf, id=229, 203.76125pt x 155.58125pt>
File: ../C4/ApDist2h.pdf Graphic file (type pdf)
 <use ../C4/ApDist2h.pdf>
<../C4/ApDist4h.pdf, id=230, 203.76125pt x 155.58125pt>
File: ../C4/ApDist4h.pdf Graphic file (type pdf)
 <use ../C4/ApDist4h.pdf>
<../C4/ApDist6h.pdf, id=231, 203.76125pt x 155.58125pt>
File: ../C4/ApDist6h.pdf Graphic file (type pdf)
 <use ../C4/ApDist6h.pdf>
<../C4/ApDist8h.pdf, id=232, 203.76125pt x 155.58125pt>
File: ../C4/ApDist8h.pdf Graphic file (type pdf)
 <use ../C4/ApDist8h.pdf> [9 <C:/Users/Dave/Desktop/My Dropbox/Thesis/C4/ApsCsT.pdf>] [10 <C:/Users/Dave/Desktop/My Drop
box/Thesis/C4/ApDist0h.pdf> <C:/Users/Dave/Desktop/My Dropbox/Thesis/C4/ApDist2h.pdf> <C:/Users/Dave/Desktop/My Dropbox/
Thesis/C4/ApDist4h.pdf> <C:/Users/Dave/Desktop/My Dropbox/Thesis/C4/ApDist6h.pdf> <C:/Users/Dave/Desktop/My Dropbox/Thes
is/C4/ApDist8h.pdf>] [11]
<../C4/TADsT.pdf, id=382, 283.0575pt x 201.75375pt>
File: ../C4/TADsT.pdf Graphic file (type pdf)
 <use ../C4/TADsT.pdf>
<../C4/TACsT.pdf, id=383, 282.05376pt x 201.75375pt>
File: ../C4/TACsT.pdf Graphic file (type pdf)
 <use ../C4/TACsT.pdf>
<../C4/MA6hvTAg8h.pdf, id=384, 298.11375pt x 209.78375pt>
File: ../C4/MA6hvTAg8h.pdf Graphic file (type pdf)
 <use ../C4/MA6hvTAg8h.pdf>
<../C4/ApsCsmin.pdf, id=386, 305.14pt x 220.825pt>
File: ../C4/ApsCsmin.pdf Graphic file (type pdf)
 <use ../C4/ApsCsmin.pdf>
<../C4/CsCsmin.pdf, id=387, 303.1325pt x 220.825pt>
File: ../C4/CsCsmin.pdf Graphic file (type pdf)
 <use ../C4/CsCsmin.pdf> [12] [13 <C:/Users/Dave/Desktop/My Dropbox/Thesis/C4/TADsT.pdf> <C:/Users/Dave/Desktop/My Dropb
ox/Thesis/C4/TACsT.pdf>]
<../C4/ThlNtT.pdf, id=432, 276.03125pt x 193.72375pt>
File: ../C4/ThlNtT.pdf Graphic file (type pdf)
 <use ../C4/ThlNtT.pdf>
<../C4/LhguT2.pdf, id=433, 278.03876pt x 189.70876pt>
File: ../C4/LhguT2.pdf Graphic file (type pdf)
 <use ../C4/LhguT2.pdf> [14 <C:/Users/Dave/Desktop/My Dropbox/Thesis/C4/MA6hvTAg8h.pdf>] [15 <C:/Users/Dave/Desktop/My D
ropbox/Thesis/C4/ApsCsmin.pdf> <C:/Users/Dave/Desktop/My Dropbox/Thesis/C4/CsCsmin.pdf>] [16 <C:/Users/Dave/Desktop/My D
ropbox/Thesis/C4/ThlNtT.pdf> <C:/Users/Dave/Desktop/My Dropbox/Thesis/C4/LhguT2.pdf>] <../C4/NThl.pdf, id=536, 303.1325p
t x 212.795pt>
File: ../C4/NThl.pdf Graphic file (type pdf)
 <use ../C4/NThl.pdf>
<../C4/q_hypha.pdf, id=539, 306.14375pt x 213.79875pt>
File: ../C4/q_hypha.pdf Graphic file (type pdf)
 <use ../C4/q_hypha.pdf> [17]
<../C4/ThlDist.pdf, id=557, 304.13625pt x 209.78375pt>
File: ../C4/ThlDist.pdf Graphic file (type pdf)
 <use ../C4/ThlDist.pdf> [18 <C:/Users/Dave/Desktop/My Dropbox/Thesis/C4/NThl.pdf>] <../C4/TAThlT.pdf, id=578, 304.13625
pt x 210.7875pt>
File: ../C4/TAThlT.pdf Graphic file (type pdf)
 <use ../C4/TAThlT.pdf> [19 <C:/Users/Dave/Desktop/My Dropbox/Thesis/C4/q_hypha.pdf>] <../C4/ThlChmax.pdf, id=606, 304.1
3625pt x 220.825pt>
File: ../C4/ThlChmax.pdf Graphic file (type pdf)
 <use ../C4/ThlChmax.pdf>
<../C4/NtChmax.pdf, id=607, 304.13625pt x 221.82875pt>
File: ../C4/NtChmax.pdf Graphic file (type pdf)
 <use ../C4/NtChmax.pdf>
<../C4/NtLbmin.pdf, id=609, 303.1325pt x 220.825pt>
File: ../C4/NtLbmin.pdf Graphic file (type pdf)
 <use ../C4/NtLbmin.pdf>) (C4Discussion.tex [20 <C:/Users/Dave/Desktop/My Dropbox/Thesis/C4/ThlDist.pdf>] [21 <C:/Users/
Dave/Desktop/My Dropbox/Thesis/C4/TAThlT.pdf>] [22 <C:/Users/Dave/Desktop/My Dropbox/Thesis/C4/ThlChmax.pdf> <C:/Users/D
ave/Desktop/My Dropbox/Thesis/C4/NtChmax.pdf>] [23 <C:/Users/Dave/Desktop/My Dropbox/Thesis/C4/NtLbmin.pdf>] [24] [25] [
26]) [27] [28] (C4Main.bbl [29

] [30] [31] [32] [33])
Package atveryend Info: Empty hook `BeforeClearDocument' on input line 26.
 [34]
Package atveryend Info: Empty hook `AfterLastShipout' on input line 26.
 (C4Main.aux)
Package atveryend Info: Executing hook `AtVeryEndDocument' on input line 26.
Package rerunfilecheck Info: File `C4Main.out' has not changed.
(rerunfilecheck)             Checksum: 611CDD13D6472CBB5631E66F635D0DE7;1101.
 ) 
Here is how much of TeX's memory you used:
 9773 strings out of 95304
 133437 string characters out of 1183055
 225669 words of memory out of 1500000
 12660 multiletter control sequences out of 110000
 13030 words of font info for 48 fonts, out of 3000000 for 5000
 14 hyphenation exceptions out of 8191
 63i,12n,96p,1678b,572s stack positions out of 5000i,500n,10000p,200000b,50000s
<d:/Program Files/MiKTeX 2.7/fonts/type1/public/amsfonts/cm/cmbx10.pfb><d:/Program Files/MiKTeX 2.7/fonts/type1/public
/amsfonts/cm/cmbx12.pfb><d:/Program Files/MiKTeX 2.7/fonts/type1/public/amsfonts/cm/cmbxti10.pfb><d:/Program Files/MiKTe
X 2.7/fonts/type1/public/amsfonts/cm/cmcsc10.pfb><d:/Program Files/MiKTeX 2.7/fonts/type1/public/amsfonts/cm/cmex10.pfb>
<d:/Program Files/MiKTeX 2.7/fonts/type1/public/amsfonts/cm/cmmi10.pfb><d:/Program Files/MiKTeX 2.7/fonts/type1/public/a
msfonts/cm/cmmi12.pfb><d:/Program Files/MiKTeX 2.7/fonts/type1/public/amsfonts/cm/cmmi8.pfb><d:/Program Files/MiKTeX 2.7
/fonts/type1/public/amsfonts/cm/cmr10.pfb><d:/Program Files/MiKTeX 2.7/fonts/type1/public/amsfonts/cm/cmr12.pfb><d:/Prog
ram Files/MiKTeX 2.7/fonts/type1/public/amsfonts/cm/cmr8.pfb><d:/Program Files/MiKTeX 2.7/fonts/type1/public/amsfonts/cm
/cmsy10.pfb><d:/Program Files/MiKTeX 2.7/fonts/type1/public/amsfonts/cm/cmsy8.pfb><d:/Program Files/MiKTeX 2.7/fonts/typ
e1/public/amsfonts/cm/cmti10.pfb><d:/Program Files/MiKTeX 2.7/fonts/type1/public/amsfonts/cm/cmti12.pfb><d:/Program File
s/MiKTeX 2.7/fonts/type1/public/amsfonts/symbols/msam10.pfb>
Output written on C4Main.pdf (34 pages, 551519 bytes).
PDF statistics:
 941 PDF objects out of 1000 (max. 8388607)
 127 named destinations out of 1000 (max. 131072)
 223 words of extra memory for PDF output out of 10000 (max. 10000000)

