\BOOKMARK [0][]{chapter.6}{Investigating the existence of a relationship between micro-morphology, macro-morphology and alpha-amylase production in submerged fermentations of Aspergillus oryzae}{}% 1
\BOOKMARK [1][]{section.6.1}{Introduction}{chapter.6}% 2
\BOOKMARK [2][]{subsection.6.1.1}{Morphological variation in submerged culture}{section.6.1}% 3
\BOOKMARK [2][]{subsection.6.1.2}{Challenges associated with morphologically quantifying submerged fermentation processes}{section.6.1}% 4
\BOOKMARK [2][]{subsection.6.1.3}{Influences on morphology}{section.6.1}% 5
\BOOKMARK [2][]{subsection.6.1.4}{Chapter overview}{section.6.1}% 6
\BOOKMARK [1][]{section.6.2}{Materials \046 Methods}{chapter.6}% 7
\BOOKMARK [2][]{subsection.6.2.1}{Micro-organism Cultivation}{section.6.2}% 8
\BOOKMARK [2][]{subsection.6.2.2}{Visualisation of Fungal Morphology}{section.6.2}% 9
\BOOKMARK [2][]{subsection.6.2.3}{Processing of shake-flask cultures}{section.6.2}% 10
\BOOKMARK [1][]{section.6.3}{Results}{chapter.6}% 11
\BOOKMARK [2][]{subsection.6.3.1}{Qualitative investigation of the relationship between macro-morphology and inoculum concentration}{section.6.3}% 12
\BOOKMARK [2][]{subsection.6.3.2}{Characterisation of morphological development and product formation in submerged culture over time}{section.6.3}% 13
\BOOKMARK [2][]{subsection.6.3.3}{Investigation into the use of solid supports in submerged fermentation}{section.6.3}% 14
\BOOKMARK [2][]{subsection.6.3.4}{Investigation into the effect of carbon source variation on morphology in submerged culture}{section.6.3}% 15
\BOOKMARK [2][]{subsection.6.3.5}{Influence of inoculum concentration on morphology and alpha-amylase production}{section.6.3}% 16
\BOOKMARK [2][]{subsection.6.3.6}{Influence of surfactant compounds on morphology and metabolite yield}{section.6.3}% 17
\BOOKMARK [1][]{section.6.4}{Discussion}{chapter.6}% 18
\BOOKMARK [2][]{subsection.6.4.1}{Growth and fragmentation of pellets in shake-flask culture}{section.6.4}% 19
\BOOKMARK [2][]{subsection.6.4.2}{Limitations of mixed-phase culture format}{section.6.4}% 20
\BOOKMARK [2][]{subsection.6.4.3}{Macro-morphological influence of starch concentration}{section.6.4}% 21
\BOOKMARK [2][]{subsection.6.4.4}{Impact of carbon source variation}{section.6.4}% 22
\BOOKMARK [2][]{subsection.6.4.5}{Influence of inoculum concentration on morphology and metabolite production}{section.6.4}% 23
\BOOKMARK [2][]{subsection.6.4.6}{Supplementation of submerged cultures with surfactant compounds}{section.6.4}% 24
\BOOKMARK [1][]{section.6.5}{Conclusions}{chapter.6}% 25
\BOOKMARK [1][]{section*.32}{References}{chapter.6}% 26
