This is pdfTeX, Version 3.1415926-1.40.9 (MiKTeX 2.7) (preloaded format=pdflatex 2010.9.30)  6 NOV 2010 13:41
entering extended mode
**C:/Users/Dave/Desktop/My*Dropbox/Thesis/Hard*Bound*Thesis/Compilation/Compilation.tex
("C:/Users/Dave/Desktop/My Dropbox/Thesis/Hard Bound Thesis/Compilation/Compilation.tex"
LaTeX2e <2009/09/24>
Babel <v3.8l> and hyphenation patterns for english, dumylang, nohyphenation, german, ngerman, german-x-2009-06-19, ngerm
an-x-2009-06-19, french, loaded.
("d:\Program Files\MiKTeX 2.7\tex\latex\base\report.cls"
Document Class: report 2007/10/19 v1.4h Standard LaTeX document class
("d:\Program Files\MiKTeX 2.7\tex\latex\base\size12.clo"
File: size12.clo 2007/10/19 v1.4h Standard LaTeX file (size option)
)
\c@part=\count79
\c@chapter=\count80
\c@section=\count81
\c@subsection=\count82
\c@subsubsection=\count83
\c@paragraph=\count84
\c@subparagraph=\count85
\c@figure=\count86
\c@table=\count87
\abovecaptionskip=\skip41
\belowcaptionskip=\skip42
\bibindent=\dimen102
) (topmatter.tex
("d:\Program Files\MiKTeX 2.7\tex\latex\datetime\datetime.sty"
Package: datetime 2010/09/21 v2.58 Date Time Package

("d:\Program Files\MiKTeX 2.7\tex\latex\fmtcount\fmtcount.sty"
Package: fmtcount 2009/10/02 v1.31
 ("d:\Program Files\MiKTeX 2.7\tex\latex\base\ifthen.sty"
Package: ifthen 2001/05/26 v1.1c Standard LaTeX ifthen package (DPC)
) ("d:\Program Files\MiKTeX 2.7\tex\latex\graphics\keyval.sty"
Package: keyval 1999/03/16 v1.13 key=value parser (DPC)
\KV@toks@=\toks14
)
("d:\Program Files\MiKTeX 2.7\tex\latex\ams\math\amsgen.sty"
File: amsgen.sty 1999/11/30 v2.0
\@emptytoks=\toks15
\ex@=\dimen103
)
\c@padzeroesN=\count88

("d:\Program Files\MiKTeX 2.7\tex\latex\fmtcount\fc-english.def"
File: fc-english 2007/05/26
)
("d:\Program Files\MiKTeX 2.7\tex\latex\fmtcount\fc-UKenglish.def"
File: fc-UKenglish 2007/06/14
)
("d:\Program Files\MiKTeX 2.7\tex\latex\fmtcount\fc-british.def"
File: fc-british 2007/06/14
)
("d:\Program Files\MiKTeX 2.7\tex\latex\fmtcount\fc-USenglish.def"
File: fc-USenglish 2007/06/14
)
("d:\Program Files\MiKTeX 2.7\tex\latex\fmtcount\fc-french.def"
File: fc-french.def 2007/05/26
)
("d:\Program Files\MiKTeX 2.7\tex\latex\fmtcount\fc-german.def"
File: fc-german.def 2007/06/14
)
No configuration file fmtcount.cfg found.
\@DT@modctr=\count89
\@ordinalctr=\count90
\@orgargctr=\count91
\@strctr=\count92
\@tmpstrctr=\count93
\@DT@loopN=\count94
\@DT@X=\count95
)
\@day=\count96
\@month=\count97
\@year=\count98
\c@HOUR=\count99
\c@HOURXII=\count100
\c@MINUTE=\count101
\c@TOHOUR=\count102
\c@TOMINUTE=\count103
\c@SECOND=\count104
\currenthour=\count105
\currentminute=\count106
\currentsecond=\count107
Package datetime Info: No datetime.cfg file found, using default settings on input line 292.
\@dtctr=\count108
\dayofyear=\count109
\dayofweek=\count110
LaTeX Info: Redefining \today on input line 724.
\dt@a=\toks16
\dt@b=\toks17
) ("d:\Program Files\MiKTeX 2.7\tex\latex\tocloft\tocloft.sty"
Package: tocloft 2009/09/04 v2.3d parameterised ToC, etc., typesetting


Package tocloft Note: The document has chapter divisions.

\cftparskip=\skip43
\cftbeforetoctitleskip=\skip44
\cftaftertoctitleskip=\skip45
\cftbeforepartskip=\skip46
\cftpartnumwidth=\skip47
\cftpartindent=\skip48
\cftbeforechapskip=\skip49
\cftchapindent=\skip50
\cftchapnumwidth=\skip51
\cftbeforesecskip=\skip52
\cftsecindent=\skip53
\cftsecnumwidth=\skip54
\cftbeforesubsecskip=\skip55
\cftsubsecindent=\skip56
\cftsubsecnumwidth=\skip57
\cftbeforesubsubsecskip=\skip58
\cftsubsubsecindent=\skip59
\cftsubsubsecnumwidth=\skip60
\cftbeforeparaskip=\skip61
\cftparaindent=\skip62
\cftparanumwidth=\skip63
\cftbeforesubparaskip=\skip64
\cftsubparaindent=\skip65
\cftsubparanumwidth=\skip66
\cftbeforeloftitleskip=\skip67
\cftafterloftitleskip=\skip68
\cftbeforefigskip=\skip69
\cftfigindent=\skip70
\cftfignumwidth=\skip71
\c@lofdepth=\count111
\c@lotdepth=\count112
\cftbeforelottitleskip=\skip72
\cftafterlottitleskip=\skip73
\cftbeforetabskip=\skip74
\cfttabindent=\skip75
\cfttabnumwidth=\skip76
) ("d:\Program Files\MiKTeX 2.7\tex\latex\tools\calc.sty"
Package: calc 2007/08/22 v4.3 Infix arithmetic (KKT,FJ)
\calc@Acount=\count113
\calc@Bcount=\count114
\calc@Adimen=\dimen104
\calc@Bdimen=\dimen105
\calc@Askip=\skip77
\calc@Bskip=\skip78
LaTeX Info: Redefining \setlength on input line 76.
LaTeX Info: Redefining \addtolength on input line 77.
\calc@Ccount=\count115
\calc@Cskip=\skip79
) ("d:\Program Files\MiKTeX 2.7\tex\latex\pstool\pstool.sty"
Package: pstool 2009/07/17 v1.3 Wrapper for processing PostScript/psfrag figures

("d:\Program Files\MiKTeX 2.7\tex\generic\oberdiek\catchfile.sty"
Package: catchfile 2010/04/28 v1.5 Catches the contents of a file (HO)

("d:\Program Files\MiKTeX 2.7\tex\generic\oberdiek\infwarerr.sty"
Package: infwarerr 2010/04/08 v1.3 Providing info/warning/message (HO)
)
("d:\Program Files\MiKTeX 2.7\tex\generic\oberdiek\ltxcmds.sty"
Package: ltxcmds 2010/04/26 v1.7 LaTeX kernel commands for general use (HO)
)
("d:\Program Files\MiKTeX 2.7\tex\generic\oberdiek\etexcmds.sty"
Package: etexcmds 2010/01/28 v1.3 Prefix for e-TeX command names (HO)
Package etexcmds Info: Could not find \expanded.
(etexcmds)             That can mean that you are not using pdfTeX 1.50 or
(etexcmds)             that some package has redefined \expanded.
(etexcmds)             In the latter case, load this package earlier.
))
("d:\Program Files\MiKTeX 2.7\tex\latex\graphics\color.sty"
Package: color 2005/11/14 v1.0j Standard LaTeX Color (DPC)
 ("d:\Program Files\MiKTeX 2.7\tex\latex\00miktex\color.cfg"
File: color.cfg 2007/01/18 v1.5 color configuration of teTeX/TeXLive
)
Package color Info: Driver file: pdftex.def on input line 130.
("d:\Program Files\MiKTeX 2.7\tex\latex\pdftex-def\pdftex.def"
File: pdftex.def 2010/09/14 v0.05b Graphics/color for pdfTeX
\Gread@gobject=\count116
))
("d:\Program Files\MiKTeX 2.7\tex\generic\oberdiek\ifpdf.sty"
Package: ifpdf 2010/01/28 v2.1 Provides the ifpdf switch (HO)
Package ifpdf Info: pdfTeX in pdf mode detected.
)
("d:\Program Files\MiKTeX 2.7\tex\latex\ifplatform\ifplatform.sty"
Package: ifplatform 2009/09/10 v0.3a Testing for the operating system

("d:\Program Files\MiKTeX 2.7\tex\generic\oberdiek\pdftexcmds.sty"
Package: pdftexcmds 2010/04/01 v0.9 Utility functions of pdfTeX for LuaTeX (HO)

("d:\Program Files\MiKTeX 2.7\tex\generic\oberdiek\ifluatex.sty"
Package: ifluatex 2010/03/01 v1.3 Provides the ifluatex switch (HO)
Package ifluatex Info: LuaTeX not detected.
)
Package pdftexcmds Info: LuaTeX not detected.
Package pdftexcmds Info: \pdf@primitive is available.
Package pdftexcmds Info: \pdf@ifprimitive is available.
))
("d:\Program Files\MiKTeX 2.7\tex\latex\graphics\graphicx.sty"
Package: graphicx 1999/02/16 v1.0f Enhanced LaTeX Graphics (DPC,SPQR)

("d:\Program Files\MiKTeX 2.7\tex\latex\graphics\graphics.sty"
Package: graphics 2009/02/05 v1.0o Standard LaTeX Graphics (DPC,SPQR)
 ("d:\Program Files\MiKTeX 2.7\tex\latex\graphics\trig.sty"
Package: trig 1999/03/16 v1.09 sin cos tan (DPC)
) ("d:\Program Files\MiKTeX 2.7\tex\latex\00miktex\graphics.cfg"
File: graphics.cfg 2007/01/18 v1.5 graphics configuration of teTeX/TeXLive
)
Package graphics Info: Driver file: pdftex.def on input line 91.
)
\Gin@req@height=\dimen106
\Gin@req@width=\dimen107
)
("d:\Program Files\MiKTeX 2.7\tex\latex\psfrag\psfrag.sty"
Package: psfrag 1998/04/11 v3.04 PSfrag (MCG)
\pfg@pcount=\count117
\pfg@scount=\count118
\pfg@temp=\write3
) ("d:\Program Files\MiKTeX 2.7\tex\latex\bigfoot\suffix.sty"
Package: suffix 2006/07/15 1.5 Variant command support
) ("d:\Program Files\MiKTeX 2.7\tex\latex\xkeyval\xkeyval.sty"
Package: xkeyval 2008/08/13 v2.6a package option processing (HA)

("d:\Program Files\MiKTeX 2.7\tex\generic\xkeyval\xkeyval.tex"
\XKV@toks=\toks18
\XKV@tempa@toks=\toks19
\XKV@depth=\count119
File: xkeyval.tex 2008/08/13 v2.6a key=value parser (HA)
))
\pstool@out=\write4
)
("d:\Program Files\MiKTeX 2.7\tex\latex\titlesec\titlesec.sty"
Package: titlesec 2007/08/12 v2.8 Sectioning titles
\ttl@box=\box26
\beforetitleunit=\skip80
\aftertitleunit=\skip81
\ttl@plus=\dimen108
\ttl@minus=\dimen109
\ttl@toksa=\toks20
\titlewidth=\dimen110
\titlewidthlast=\dimen111
\titlewidthfirst=\dimen112
)
("d:\Program Files\MiKTeX 2.7\tex\latex\threeparttable\threeparttable.sty"
Package: threeparttable 2003/06/13  v 3.0
\@tempboxb=\box27
)
("d:\Program Files\MiKTeX 2.7\tex\latex\tools\tabularx.sty"
Package: tabularx 1999/01/07 v2.07 `tabularx' package (DPC)
 ("d:\Program Files\MiKTeX 2.7\tex\latex\tools\array.sty"
Package: array 2008/09/09 v2.4c Tabular extension package (FMi)
\col@sep=\dimen113
\extrarowheight=\dimen114
\NC@list=\toks21
\extratabsurround=\skip82
\backup@length=\skip83
)
\TX@col@width=\dimen115
\TX@old@table=\dimen116
\TX@old@col=\dimen117
\TX@target=\dimen118
\TX@delta=\dimen119
\TX@cols=\count120
\TX@ftn=\toks22
)
("d:\Program Files\MiKTeX 2.7\tex\latex\tools\longtable.sty"
Package: longtable 2004/02/01 v4.11 Multi-page Table package (DPC)
\LTleft=\skip84
\LTright=\skip85
\LTpre=\skip86
\LTpost=\skip87
\LTchunksize=\count121
\LTcapwidth=\dimen120
\LT@head=\box28
\LT@firsthead=\box29
\LT@foot=\box30
\LT@lastfoot=\box31
\LT@cols=\count122
\LT@rows=\count123
\c@LT@tables=\count124
\c@LT@chunks=\count125
\LT@p@ftn=\toks23
)
("d:\Program Files\MiKTeX 2.7\tex\latex\booktabs\booktabs.sty"
Package: booktabs 2005/04/14 v1.61803 publication quality tables
\heavyrulewidth=\dimen121
\lightrulewidth=\dimen122
\cmidrulewidth=\dimen123
\belowrulesep=\dimen124
\belowbottomsep=\dimen125
\aboverulesep=\dimen126
\abovetopsep=\dimen127
\cmidrulesep=\dimen128
\cmidrulekern=\dimen129
\defaultaddspace=\dimen130
\@cmidla=\count126
\@cmidlb=\count127
\@aboverulesep=\dimen131
\@belowrulesep=\dimen132
\@thisruleclass=\count128
\@lastruleclass=\count129
\@thisrulewidth=\dimen133
) ("d:\Program Files\MiKTeX 2.7\tex\latex\natbib\natbib.sty"
Package: natbib 2009/11/07 8.31a (PWD, AO)
\bibhang=\skip88
\bibsep=\skip89
LaTeX Info: Redefining \cite on input line 694.
\c@NAT@ctr=\count130
) ("d:\Program Files\MiKTeX 2.7\tex\latex\amsfonts\amsfonts.sty"
Package: amsfonts 2009/06/22 v3.00 Basic AMSFonts support
\symAMSa=\mathgroup4
\symAMSb=\mathgroup5
LaTeX Font Info:    Overwriting math alphabet `\mathfrak' in version `bold'
(Font)                  U/euf/m/n --> U/euf/b/n on input line 96.
)
("d:\Program Files\MiKTeX 2.7\tex\latex\ams\math\amsmath.sty"
Package: amsmath 2000/07/18 v2.13 AMS math features
\@mathmargin=\skip90

For additional information on amsmath, use the `?' option.
("d:\Program Files\MiKTeX 2.7\tex\latex\ams\math\amstext.sty"
Package: amstext 2000/06/29 v2.01
)
("d:\Program Files\MiKTeX 2.7\tex\latex\ams\math\amsbsy.sty"
Package: amsbsy 1999/11/29 v1.2d
\pmbraise@=\dimen134
) ("d:\Program Files\MiKTeX 2.7\tex\latex\ams\math\amsopn.sty"
Package: amsopn 1999/12/14 v2.01 operator names
)
\inf@bad=\count131
LaTeX Info: Redefining \frac on input line 211.
\uproot@=\count132
\leftroot@=\count133
LaTeX Info: Redefining \overline on input line 307.
\classnum@=\count134
\DOTSCASE@=\count135
LaTeX Info: Redefining \ldots on input line 379.
LaTeX Info: Redefining \dots on input line 382.
LaTeX Info: Redefining \cdots on input line 467.
\Mathstrutbox@=\box32
\strutbox@=\box33
\big@size=\dimen135
LaTeX Font Info:    Redeclaring font encoding OML on input line 567.
LaTeX Font Info:    Redeclaring font encoding OMS on input line 568.
\macc@depth=\count136
\c@MaxMatrixCols=\count137
\dotsspace@=\muskip10
\c@parentequation=\count138
\dspbrk@lvl=\count139
\tag@help=\toks24
\row@=\count140
\column@=\count141
\maxfields@=\count142
\andhelp@=\toks25
\eqnshift@=\dimen136
\alignsep@=\dimen137
\tagshift@=\dimen138
\tagwidth@=\dimen139
\totwidth@=\dimen140
\lineht@=\dimen141
\@envbody=\toks26
\multlinegap=\skip91
\multlinetaggap=\skip92
\mathdisplay@stack=\toks27
LaTeX Info: Redefining \[ on input line 2666.
LaTeX Info: Redefining \] on input line 2667.
) ("d:\Program Files\MiKTeX 2.7\tex\latex\amsfonts\amssymb.sty"
Package: amssymb 2009/06/22 v3.00
)
("d:\Program Files\MiKTeX 2.7\tex\latex\fancyhdr\fancyhdr.sty"
\fancy@headwidth=\skip93
\f@ncyO@elh=\skip94
\f@ncyO@erh=\skip95
\f@ncyO@olh=\skip96
\f@ncyO@orh=\skip97
\f@ncyO@elf=\skip98
\f@ncyO@erf=\skip99
\f@ncyO@olf=\skip100
\f@ncyO@orf=\skip101
)
("d:\Program Files\MiKTeX 2.7\tex\latex\hyperref\hyperref.sty"
Package: hyperref 2010/09/17 v6.81q Hypertext links for LaTeX

("d:\Program Files\MiKTeX 2.7\tex\generic\oberdiek\kvsetkeys.sty"
Package: kvsetkeys 2010/03/01 v1.9 Key value parser (HO)
)
("d:\Program Files\MiKTeX 2.7\tex\generic\oberdiek\pdfescape.sty"
Package: pdfescape 2010/03/01 v1.9 Provides hex, PDF name and string conversions (HO)
)
("d:\Program Files\MiKTeX 2.7\tex\generic\oberdiek\ifvtex.sty"
Package: ifvtex 2010/03/01 v1.5 Switches for detecting VTeX and its modes (HO)
Package ifvtex Info: VTeX not detected.
)
("d:\Program Files\MiKTeX 2.7\tex\generic\ifxetex\ifxetex.sty"
Package: ifxetex 2010/09/12 v0.6 Provides ifxetex conditional
)
("d:\Program Files\MiKTeX 2.7\tex\latex\oberdiek\hycolor.sty"
Package: hycolor 2009/12/12 v1.6 Color options of hyperref/bookmark (HO)

("d:\Program Files\MiKTeX 2.7\tex\latex\oberdiek\xcolor-patch.sty"
Package: xcolor-patch 2009/12/12 xcolor patch
))
("d:\Program Files\MiKTeX 2.7\tex\latex\oberdiek\letltxmacro.sty"
Package: letltxmacro 2008/06/24 v1.3 Let assignment for LaTeX macros (HO)
)
("d:\Program Files\MiKTeX 2.7\tex\latex\oberdiek\kvoptions.sty"
Package: kvoptions 2010/02/22 v3.7 Keyval support for LaTeX options (HO)
)
\@linkdim=\dimen142
\Hy@linkcounter=\count143
\Hy@pagecounter=\count144

("d:\Program Files\MiKTeX 2.7\tex\latex\hyperref\pd1enc.def"
File: pd1enc.def 2010/09/17 v6.81q Hyperref: PDFDocEncoding definition (HO)
)
("d:\Program Files\MiKTeX 2.7\tex\generic\oberdiek\intcalc.sty"
Package: intcalc 2007/09/27 v1.1 Expandable integer calculations (HO)
)
\Hy@SavedSpaceFactor=\count145

("d:\Program Files\MiKTeX 2.7\tex\latex\00miktex\hyperref.cfg"
File: hyperref.cfg 2002/06/06 v1.2 hyperref configuration of TeXLive
)
Package hyperref Info: Hyper figures OFF on input line 3902.
Package hyperref Info: Link nesting OFF on input line 3907.
Package hyperref Info: Hyper index ON on input line 3910.
Package hyperref Info: Plain pages OFF on input line 3917.
Package hyperref Info: Backreferencing OFF on input line 3922.
Package hyperref Info: Implicit mode ON; LaTeX internals redefined.
Package hyperref Info: Bookmarks ON on input line 4132.
\c@Hy@tempcnt=\count146
 ("d:\Program Files\MiKTeX 2.7\tex\latex\ltxmisc\url.sty"
\Urlmuskip=\muskip11
Package: url 2006/04/12  ver 3.3  Verb mode for urls, etc.
)
LaTeX Info: Redefining \url on input line 4487.
 ("d:\Program Files\MiKTeX 2.7\tex\generic\oberdiek\bitset.sty"
Package: bitset 2007/09/28 v1.0 Data type bit set (HO)

("d:\Program Files\MiKTeX 2.7\tex\generic\oberdiek\bigintcalc.sty"
Package: bigintcalc 2007/11/11 v1.1 Expandable big integer calculations (HO)
))
\Fld@menulength=\count147
\Field@Width=\dimen143
\Fld@charsize=\dimen144
Package hyperref Info: Hyper figures OFF on input line 5526.
Package hyperref Info: Link nesting OFF on input line 5531.
Package hyperref Info: Hyper index ON on input line 5534.
Package hyperref Info: backreferencing OFF on input line 5541.
Package hyperref Info: Link coloring OFF on input line 5546.
Package hyperref Info: Link coloring with OCG OFF on input line 5551.
Package hyperref Info: PDF/A mode OFF on input line 5556.
LaTeX Info: Redefining \ref on input line 5596.
LaTeX Info: Redefining \pageref on input line 5600.

("d:\Program Files\MiKTeX 2.7\tex\generic\oberdiek\atbegshi.sty"
Package: atbegshi 2010/03/25 v1.12 At begin shipout hook (HO)
)
\Hy@abspage=\count148
\c@Item=\count149
)

Package hyperref Message: Driver (autodetected): hpdftex.

("d:\Program Files\MiKTeX 2.7\tex\latex\hyperref\hpdftex.def"
File: hpdftex.def 2010/09/17 v6.81q Hyperref driver for pdfTeX

("d:\Program Files\MiKTeX 2.7\tex\latex\oberdiek\atveryend.sty"
Package: atveryend 2010/03/24 v1.5 Hooks at very end of document (HO)
Package atveryend Info: \enddocument detected (standard).
)
\Fld@listcount=\count150
\c@bookmark@seq@number=\count151

("d:\Program Files\MiKTeX 2.7\tex\latex\oberdiek\rerunfilecheck.sty"
Package: rerunfilecheck 2010/03/16 v1.6 Rerun checks for auxiliary files (HO)

("d:\Program Files\MiKTeX 2.7\tex\generic\oberdiek\uniquecounter.sty"
Package: uniquecounter 2009/12/18 v1.1 Provides unlimited unique counter (HO)
)
Package uniquecounter Info: New unique counter `rerunfilecheck' on input line 271.
)
\Hy@SectionHShift=\skip102
)
Package hyperref Info: Option `breaklinks' set `true' on input line 35.
Package hyperref Info: Option `linktocpage' set `true' on input line 35.
Package hyperref Info: Option `unicode' set `false' on input line 35.
Package hyperref Info: Option `bookmarksopen' set `false' on input line 35.
Package hyperref Info: Option `colorlinks' set `true' on input line 35.

("d:\Program Files\MiKTeX 2.7\tex\latex\subfig\subfig.sty"
Package: subfig 2005/06/28 ver: 1.3 subfig package
 ("d:\Program Files\MiKTeX 2.7\tex\latex\caption\caption.sty"
Package: caption 2010/01/09 v3.1m Customizing captions (AR)

("d:\Program Files\MiKTeX 2.7\tex\latex\caption\caption3.sty"
Package: caption3 2010/01/14 v3.1m caption3 kernel (AR)
\captionmargin=\dimen145
\captionmargin@=\dimen146
\captionwidth=\dimen147
\caption@indent=\dimen148
\caption@parindent=\dimen149
\caption@hangindent=\dimen150
)
\c@ContinuedFloat=\count152
Package caption Info: hyperref package is loaded.
Package caption Info: longtable package is loaded.

("d:\Program Files\MiKTeX 2.7\tex\latex\caption\ltcaption.sty"
Package: ltcaption 2008/03/28 v1.2 longtable captions (AR)
)
Package caption Info: threeparttable package is loaded.
)
\c@KVtest=\count153
\sf@farskip=\skip103
\sf@captopadj=\dimen151
\sf@capskip=\skip104
\sf@nearskip=\skip105
\c@subfigure=\count154
\c@subfigure@save=\count155
\c@subtable=\count156
\c@subtable@save=\count157
\sf@top=\skip106
\sf@bottom=\skip107
)
Package color Info: Redefining color red on input line 116.
Package color Info: Redefining color green on input line 117.
Package color Info: Redefining color blue on input line 118.
) (Compilation.aux (title.aux) (Abstract.aux)
(Declaration.aux) (Quotation.aux) (Acknowledgements.aux) (pubs.aux) (Nomenclature.aux) (About.aux))
LaTeX Font Info:    Checking defaults for OML/cmm/m/it on input line 5.
LaTeX Font Info:    ... okay on input line 5.
LaTeX Font Info:    Checking defaults for T1/cmr/m/n on input line 5.
LaTeX Font Info:    ... okay on input line 5.
LaTeX Font Info:    Checking defaults for OT1/cmr/m/n on input line 5.
LaTeX Font Info:    ... okay on input line 5.
LaTeX Font Info:    Checking defaults for OMS/cmsy/m/n on input line 5.
LaTeX Font Info:    ... okay on input line 5.
LaTeX Font Info:    Checking defaults for OMX/cmex/m/n on input line 5.
LaTeX Font Info:    ... okay on input line 5.
LaTeX Font Info:    Checking defaults for U/cmr/m/n on input line 5.
LaTeX Font Info:    ... okay on input line 5.
LaTeX Font Info:    Checking defaults for PD1/pdf/m/n on input line 5.
LaTeX Font Info:    ... okay on input line 5.

("d:\Program Files\MiKTeX 2.7\tex\context\base\supp-pdf.mkii"
[Loading MPS to PDF converter (version 2006.09.02).]
\scratchcounter=\count158
\scratchdimen=\dimen152
\scratchbox=\box34
\nofMPsegments=\count159
\nofMParguments=\count160
\everyMPshowfont=\toks28
\MPscratchCnt=\count161
\MPscratchDim=\dimen153
\MPnumerator=\count162
\everyMPtoPDFconversion=\toks29
)
\AtBeginShipoutBox=\box35
Package hyperref Info: Link coloring ON on input line 5.
 ("d:\Program Files\MiKTeX 2.7\tex\latex\hyperref\nameref.sty"
Package: nameref 2010/04/30 v2.40 Cross-referencing by name of section

("d:\Program Files\MiKTeX 2.7\tex\latex\oberdiek\refcount.sty"
Package: refcount 2008/08/11 v3.1 Data extraction from references (HO)
)
("d:\Program Files\MiKTeX 2.7\tex\generic\oberdiek\gettitlestring.sty"
Package: gettitlestring 2009/12/18 v1.3 Cleanup title references (HO)
)
\c@section@level=\count163
)
LaTeX Info: Redefining \ref on input line 5.
LaTeX Info: Redefining \pageref on input line 5.
LaTeX Info: Redefining \nameref on input line 5.
 (Compilation.out) (Compilation.out)
\@outlinefile=\write5
Package caption Info: Begin \AtBeginDocument code.
Package caption3 Info: subfig package 1.2 or 1.3 is loaded.
LaTeX Info: Redefining \subref on input line 5.
Package caption Info: End \AtBeginDocument code.
 (title.tex
<DITlogo.pdf, id=491, 113.811pt x 113.58177pt>
File: DITlogo.pdf Graphic file (type pdf)
 <use DITlogo.pdf>
LaTeX Font Info:    Try loading font information for U+msa on input line 34.
 ("d:\Program Files\MiKTeX 2.7\tex\latex\amsfonts\umsa.fd"
File: umsa.fd 2009/06/22 v3.00 AMS symbols A
)
LaTeX Font Info:    Try loading font information for U+msb on input line 34.
 ("d:\Program Files\MiKTeX 2.7\tex\latex\amsfonts\umsb.fd"
File: umsb.fd 2009/06/22 v3.00 AMS symbols B
)) [1
Non-PDF special ignored!


{C:/Users/Dave/AppData/Local/MiKTeX/2.7/pdftex/config/pdftex.map} <DITlogo.pdf>] (Abstract.tex
[2


]) [3] (Declaration.tex <Sig.pdf, id=514, 593.417pt x 427.999pt>
File: Sig.pdf Graphic file (type pdf)
 <use Sig.pdf>) [4


 <Sig.pdf>] (Quotation.tex) [5


]
(Acknowledgements.tex) [6


] (pubs.tex
Missing character: There is no – in font cmr12!
Missing character: There is no – in font cmr12!
) [7


] (Nomenclature.tex [8


] [9]) [10] (Compilation.toc [11

] [12] [13] [14] [15])
\tf@toc=\write6

[16] (Compilation.lof [17] [18] [19] [20] [21] [22] [23] [24] [25] [26] [27] [28] [29])
\tf@lof=\write7
 [30] (Compilation.lot [31])
\tf@lot=\write8

[32] ("C:\Users\Dave\Desktop\My Dropbox\Thesis\Hard Bound Thesis\C1\Chapter1.tex"
Chapter 1.
("C:\Users\Dave\Desktop\My Dropbox\Thesis\Hard Bound Thesis\C1\C1Introduction.tex"
<../C1/Spores.pdf, id=1007, 1336.19196pt x 1002.14403pt>
File: ../C1/Spores.pdf Graphic file (type pdf)
 <use ../C1/Spores.pdf>
<../C1/GermSpores.pdf, id=1009, 1686.3pt x 1264.725pt>
File: ../C1/GermSpores.pdf Graphic file (type pdf)
 <use ../C1/GermSpores.pdf>
<../C1/Hypha.pdf, id=1011, 167.02399pt x 123.662pt>
File: ../C1/Hypha.pdf Graphic file (type pdf)
 <use ../C1/Hypha.pdf>
<../C1/FreeHyphalElement.pdf, id=1013, 244.112pt x 183.084pt>
File: ../C1/FreeHyphalElement.pdf Graphic file (type pdf)
 <use ../C1/FreeHyphalElement.pdf>
<../C1/MyceliumB.pdf, id=1015, 319.594pt x 239.29399pt>
File: ../C1/MyceliumB.pdf Graphic file (type pdf)
 <use ../C1/MyceliumB.pdf>
<../C1/Pellet.pdf, id=1017, 382.22798pt x 286.671pt>
File: ../C1/Pellet.pdf Graphic file (type pdf)
 <use ../C1/Pellet.pdf>) [1

] [2 <C:/Users/Dave/Desktop/My Dropbox/Thesis/Hard Bound Thesis/C1/Spores.pdf> <C:/Users/Dave/Desktop/My Dropbox/Thesis/
Hard Bound Thesis/C1/GermSpores.pdf> <C:/Users/Dave/Desktop/My Dropbox/Thesis/Hard Bound Thesis/C1/Hypha.pdf> <C:/Users/
Dave/Desktop/My Dropbox/Thesis/Hard Bound Thesis/C1/FreeHyphalElement.pdf> <C:/Users/Dave/Desktop/My Dropbox/Thesis/Hard
 Bound Thesis/C1/MyceliumB.pdf> <C:/Users/Dave/Desktop/My Dropbox/Thesis/Hard Bound Thesis/C1/Pellet.pdf>]
("C:\Users\Dave\Desktop\My Dropbox\Thesis\Hard Bound Thesis\C1\C1FungalTaxonomy.tex" [3] [4])
("C:\Users\Dave\Desktop\My Dropbox\Thesis\Hard Bound Thesis\C1\C1FungalGrowth.tex" [5] [6] [7] [8] [9]
<../C1/Fig1Trinci1974.pdf, id=1158, 1300.91072pt x 993.88925pt>
File: ../C1/Fig1Trinci1974.pdf Graphic file (type pdf)
 <use ../C1/Fig1Trinci1974.pdf> [10] [11 <C:/Users/Dave/Desktop/My Dropbox/Thesis/Hard Bound Thesis/C1/Fig1Trinci1974.pd
f>] [12]
<../C1/GrowthPhases.pdf, id=1194, 296.10625pt x 205.76875pt>
File: ../C1/GrowthPhases.pdf Graphic file (type pdf)
 <use ../C1/GrowthPhases.pdf> [13]
<../C1/Monod.pdf, id=1203, 298.11375pt x 205.76875pt>
File: ../C1/Monod.pdf Graphic file (type pdf)
 <use ../C1/Monod.pdf> [14 <C:/Users/Dave/Desktop/My Dropbox/Thesis/Hard Bound Thesis/C1/GrowthPhases.pdf>] [15 <C:/User
s/Dave/Desktop/My Dropbox/Thesis/Hard Bound Thesis/C1/Monod.pdf>]
[16]) ("C:\Users\Dave\Desktop\My Dropbox\Thesis\Hard Bound Thesis\C1\C1Industry.tex" [17] [18] [19] [20] [21] [22]
<../C1/BioReactor.pdf, id=1360, 364.36125pt x 393.47pt>
File: ../C1/BioReactor.pdf Graphic file (type pdf)
 <use ../C1/BioReactor.pdf> [23] [24 <C:/Users/Dave/Desktop/My Dropbox/Thesis/Hard Bound Thesis/C1/BioReactor.pdf>] [25]
 [26]) [27]
("C:\Users\Dave\Desktop\My Dropbox\Thesis\Hard Bound Thesis\C1\C1SmFMorph.tex" [28] [29] [30] [31] [32] [33] [34]
[35] [36] [37] [38] [39] [40] [41] [42] [43] [44] [45] [46] [47] [48] [49] [50] [51]
Missing character: There is no – in font cmr12!
Missing character: There is no – in font cmr12!
 [52] [53] [54] [55] [56] [57]
[58]) ("C:\Users\Dave\Desktop\My Dropbox\Thesis\Hard Bound Thesis\C1\C1MorphQuant.tex" [59] [60]
<../C1/Fig2Metz1981.pdf, id=1866, 400.56514pt x 305.74756pt>
File: ../C1/Fig2Metz1981.pdf Graphic file (type pdf)
 <use ../C1/Fig2Metz1981.pdf> [61] [62 <C:/Users/Dave/Desktop/My Dropbox/Thesis/Hard Bound Thesis/C1/Fig2Metz1981.pdf>] 
[63] [64] [65] [66]
<../C1/Fig1Spohr1998.pdf, id=1916, 1102.73822pt x 422.11983pt>
File: ../C1/Fig1Spohr1998.pdf Graphic file (type pdf)
 <use ../C1/Fig1Spohr1998.pdf> [67 <C:/Users/Dave/Desktop/My Dropbox/Thesis/Hard Bound Thesis/C1/Fig1Spohr1998.pdf>] [68
] [69] [70] [71] [72] [73] [74] [75] [76])
("C:\Users\Dave\Desktop\My Dropbox\Thesis\Hard Bound Thesis\C1\C1Aims.tex" [77]
LaTeX Font Info:    Try loading font information for OMS+cmr on input line 8.

("d:\Program Files\MiKTeX 2.7\tex\latex\base\omscmr.fd"
File: omscmr.fd 1999/05/25 v2.5h Standard LaTeX font definitions
)
LaTeX Font Info:    Font shape `OMS/cmr/m/n' in size <12> not available
(Font)              Font shape `OMS/cmsy/m/n' tried instead on input line 8.
 [78])) (Methodology.tex [79]
Chapter 2.
[80

] [81] [82] [83]) [84] ("C:\Users\Dave\Desktop\My Dropbox\Thesis\Hard Bound Thesis\C2\Chapter2.tex" [85]
Chapter 3.
("C:\Users\Dave\Desktop\My Dropbox\Thesis\Hard Bound Thesis\C2\C2Introduction.tex" [86

]
<../C2/AnalysisFlow.pdf, id=2080, 396.48125pt x 118.4425pt>
File: ../C2/AnalysisFlow.pdf Graphic file (type pdf)
 <use ../C2/AnalysisFlow.pdf>
<../C2/Quanta.png, id=2081, 340.27126pt x 340.27126pt>
File: ../C2/Quanta.png Graphic file (type png)
 <use ../C2/Quanta.png>
<../C2/Quantb.pdf, id=2082, 197.73875pt x 170.6375pt>
File: ../C2/Quantb.pdf Graphic file (type pdf)
 <use ../C2/Quantb.pdf> [87 <C:/Users/Dave/Desktop/My Dropbox/Thesis/Hard Bound Thesis/C2/AnalysisFlow.pdf>] [88 <C:/Use
rs/Dave/Desktop/My Dropbox/Thesis/Hard Bound Thesis/C2/Quanta.png (PNG copy)> <C:/Users/Dave/Desktop/My Dropbox/Thesis/H
ard Bound Thesis/C2/Quantb.pdf>]
<../C2/Bina.png, id=2113, 248.93pt x 248.93pt>
File: ../C2/Bina.png Graphic file (type png)
 <use ../C2/Bina.png> [89 <C:/Users/Dave/Desktop/My Dropbox/Thesis/Hard Bound Thesis/C2/Bina.png (PNG copy)>] [90] <../C
2/Fig4Tucker1992.pdf, id=2161, 405.11351pt x 279.42276pt>
File: ../C2/Fig4Tucker1992.pdf Graphic file (type pdf)

<use ../C2/Fig4Tucker1992.pdf> [91] [92 <C:/Users/Dave/Desktop/My Dropbox/Thesis/Hard Bound Thesis/C2/Fig4Tucker1992.pdf
>] [93] [94]) ("C:\Users\Dave\Desktop\My Dropbox\Thesis\Hard Bound Thesis\C2\C2Methodology.tex")
("C:\Users\Dave\Desktop\My Dropbox\Thesis\Hard Bound Thesis\C2\C2SysDevI.tex" [95] [96]
<../C2/PelletPlot.png, id=2247, 562.1pt x 562.1pt>
File: ../C2/PelletPlot.png Graphic file (type png)
 <use ../C2/PelletPlot.png>
<../C2/PelletPlotII.png, id=2248, 562.1pt x 562.1pt>
File: ../C2/PelletPlotII.png Graphic file (type png)
 <use ../C2/PelletPlotII.png>
<../C2/PelletSurfacePlot.pdf, id=2249, 176.66pt x 156.585pt>
File: ../C2/PelletSurfacePlot.pdf Graphic file (type pdf)
 <use ../C2/PelletSurfacePlot.pdf>
<../C2/PelletSurfacePlotII.pdf, id=2250, 176.66pt x 173.64874pt>
File: ../C2/PelletSurfacePlotII.pdf Graphic file (type pdf)
 <use ../C2/PelletSurfacePlotII.pdf> [97] [98 <C:/Users/Dave/Desktop/My Dropbox/Thesis/Hard Bound Thesis/C2/PelletPlot.p
ng (PNG copy)> <C:/Users/Dave/Desktop/My Dropbox/Thesis/Hard Bound Thesis/C2/PelletPlotII.png (PNG copy)> <C:/Users/Dave
/Desktop/My Dropbox/Thesis/Hard Bound Thesis/C2/PelletSurfacePlot.pdf> <C:/Users/Dave/Desktop/My Dropbox/Thesis/Hard Bou
nd Thesis/C2/PelletSurfacePlotII.pdf>]
<../C2/Noise.png, id=2292, 340.27126pt x 340.27126pt>
File: ../C2/Noise.png Graphic file (type png)
 <use ../C2/Noise.png>
<../C2/Mean.png, id=2293, 340.27126pt x 340.27126pt>
File: ../C2/Mean.png Graphic file (type png)
 <use ../C2/Mean.png>
<../C2/Gauss.png, id=2294, 340.27126pt x 340.27126pt>
File: ../C2/Gauss.png Graphic file (type png)
 <use ../C2/Gauss.png>
<../C2/Median.png, id=2295, 340.27126pt x 340.27126pt>
File: ../C2/Median.png Graphic file (type png)
 <use ../C2/Median.png> [99 <C:/Users/Dave/Desktop/My Dropbox/Thesis/Hard Bound Thesis/C2/Noise.png (PNG copy)> <C:/User
s/Dave/Desktop/My Dropbox/Thesis/Hard Bound Thesis/C2/Mean.png (PNG copy)> <C:/Users/Dave/Desktop/My Dropbox/Thesis/Hard
 Bound Thesis/C2/Gauss.png (PNG copy)> <C:/Users/Dave/Desktop/My Dropbox/Thesis/Hard Bound Thesis/C2/Median.png (PNG cop
y)>]
<../C2/BiModalHistogram.pdf, id=2308, 681.3706pt x 479.21864pt>
File: ../C2/BiModalHistogram.pdf Graphic file (type pdf)
 <use ../C2/BiModalHistogram.pdf> [100] [101 <C:/Users/Dave/Desktop/My Dropbox/Thesis/Hard Bound Thesis/C2/BiModalHistog
ram.pdf>]
<../C2/MyceliaProca.png, id=2336, 240.9pt x 321.2pt>
File: ../C2/MyceliaProca.png Graphic file (type png)
 <use ../C2/MyceliaProca.png>
<../C2/MyceliaTriangleBin.png, id=2337, 240.9pt x 321.2pt>
File: ../C2/MyceliaTriangleBin.png Graphic file (type png)
 <use ../C2/MyceliaTriangleBin.png>
<../C2/MyceliaOtsuBin.png, id=2338, 240.9pt x 321.2pt>
File: ../C2/MyceliaOtsuBin.png Graphic file (type png)
 <use ../C2/MyceliaOtsuBin.png>
<../C2/MyceliaProcc.png, id=2339, 240.9pt x 321.2pt>
File: ../C2/MyceliaProcc.png Graphic file (type png)
 <use ../C2/MyceliaProcc.png> [102 <C:/Users/Dave/Desktop/My Dropbox/Thesis/Hard Bound Thesis/C2/MyceliaProca.png (PNG c
opy)> <C:/Users/Dave/Desktop/My Dropbox/Thesis/Hard Bound Thesis/C2/MyceliaTriangleBin.png (PNG copy)> <C:/Users/Dave/De
sktop/My Dropbox/Thesis/Hard Bound Thesis/C2/MyceliaOtsuBin.png (PNG copy)> <C:/Users/Dave/Desktop/My Dropbox/Thesis/Har
d Bound Thesis/C2/MyceliaProcc.png (PNG copy)>]
<../C2/PixObject.png, id=2352, 602.25pt x 602.25pt>
File: ../C2/PixObject.png Graphic file (type png)
 <use ../C2/PixObject.png>
<../C2/StructElement.png, id=2353, 501.875pt x 501.875pt>
File: ../C2/StructElement.png Graphic file (type png)
 <use ../C2/StructElement.png>
<../C2/PixelErosion.png, id=2354, 602.25pt x 602.25pt>
File: ../C2/PixelErosion.png Graphic file (type png)
 <use ../C2/PixelErosion.png>
File: ../C2/PixelErosion.png Graphic file (type png)
 <use ../C2/PixelErosion.png>
File: ../C2/StructElement.png Graphic file (type png)

<use ../C2/StructElement.png>
File: ../C2/PixObject.png Graphic file (type png)
 <use ../C2/PixObject.png> [103] [104 <C:/Users/Dave/Desktop/My Dropbox/Thesis/Hard Bound Thesis/C2/PixObject.png (PNG c
opy)> <C:/Users/Dave/Desktop/My Dropbox/Thesis/Hard Bound Thesis/C2/StructElement.png (PNG copy)> <C:/Users/Dave/Desktop
/My Dropbox/Thesis/Hard Bound Thesis/C2/PixelErosion.png (PNG copy)>]
<../C2/TouchObjects.png, id=2379, 100.375pt x 100.375pt>
File: ../C2/TouchObjects.png Graphic file (type png)
 <use ../C2/TouchObjects.png>
<../C2/DistanceMap.png, id=2380, 100.375pt x 100.375pt>
File: ../C2/DistanceMap.png Graphic file (type png)
 <use ../C2/DistanceMap.png>
<../C2/UltimatePoints.png, id=2381, 100.375pt x 100.375pt>
File: ../C2/UltimatePoints.png Graphic file (type png)
 <use ../C2/UltimatePoints.png>
<../C2/Watershed.png, id=2382, 100.375pt x 100.375pt>
File: ../C2/Watershed.png Graphic file (type png)
 <use ../C2/Watershed.png> [105 <C:/Users/Dave/Desktop/My Dropbox/Thesis/Hard Bound Thesis/C2/TouchObjects.png (PNG copy
)> <C:/Users/Dave/Desktop/My Dropbox/Thesis/Hard Bound Thesis/C2/DistanceMap.png (PNG copy)> <C:/Users/Dave/Desktop/My D
ropbox/Thesis/Hard Bound Thesis/C2/UltimatePoints.png (PNG copy)> <C:/Users/Dave/Desktop/My Dropbox/Thesis/Hard Bound Th
esis/C2/Watershed.png (PNG copy)>] [106])
("C:\Users\Dave\Desktop\My Dropbox\Thesis\Hard Bound Thesis\C2\C2SysDevII.tex" [107]
<../C2/MicroAlg.pdf, id=2426, 342.27875pt x 548.0475pt>
File: ../C2/MicroAlg.pdf Graphic file (type pdf)
 <use ../C2/MicroAlg.pdf> [108] [109 <C:/Users/Dave/Desktop/My Dropbox/Thesis/Hard Bound Thesis/C2/MicroAlg.pdf>] <../C2
/PruneAlg.pdf, id=2454, 396.48125pt x 445.665pt>
File: ../C2/PruneAlg.pdf Graphic file (type pdf)

<use ../C2/PruneAlg.pdf> [110] [111 <C:/Users/Dave/Desktop/My Dropbox/Thesis/Hard Bound Thesis/C2/PruneAlg.pdf>]
<../C2/ClassPointsa.pdf, id=2481, 301.12595pt x 301.1226pt>
File: ../C2/ClassPointsa.pdf Graphic file (type pdf)
 <use ../C2/ClassPointsa.pdf>
<../C2/ClassPointsb.pdf, id=2483, 301.12595pt x 301.1226pt>
File: ../C2/ClassPointsb.pdf Graphic file (type pdf)
 <use ../C2/ClassPointsb.pdf>
<../C2/ClassPointsc.pdf, id=2485, 301.12595pt x 301.1226pt>
File: ../C2/ClassPointsc.pdf Graphic file (type pdf)
 <use ../C2/ClassPointsc.pdf>
<../C2/ClassPointsd.pdf, id=2487, 301.12595pt x 301.1226pt>
File: ../C2/ClassPointsd.pdf Graphic file (type pdf)
 <use ../C2/ClassPointsd.pdf>
File: ../C2/MyceliaProca.png Graphic file (type png)
 <use ../C2/MyceliaProca.png>
<../C2/MyceliaProcb.png, id=2489, 240.9pt x 321.2pt>
File: ../C2/MyceliaProcb.png Graphic file (type png)
 <use ../C2/MyceliaProcb.png>
File: ../C2/MyceliaProcc.png Graphic file (type png)
 <use ../C2/MyceliaProcc.png>
<../C2/MyceliaProcd.png, id=2490, 240.9pt x 321.2pt>
File: ../C2/MyceliaProcd.png Graphic file (type png)
 <use ../C2/MyceliaProcd.png>
<../C2/HyphalAnalyseAlg.pdf, id=2496, 396.48125pt x 425.59pt>
File: ../C2/HyphalAnalyseAlg.pdf Graphic file (type pdf)
 <use ../C2/HyphalAnalyseAlg.pdf> [112] [113 <C:/Users/Dave/Desktop/My Dropbox/Thesis/Hard Bound Thesis/C2/ClassPointsa.
pdf> <C:/Users/Dave/Desktop/My Dropbox/Thesis/Hard Bound Thesis/C2/ClassPointsb.pdf> <C:/Users/Dave/Desktop/My Dropbox/T
hesis/Hard Bound Thesis/C2/ClassPointsc.pdf> <C:/Users/Dave/Desktop/My Dropbox/Thesis/Hard Bound Thesis/C2/ClassPointsd.
pdf>]
<../C2/MycelialGraph.pdf, id=2532, 272.45116pt x 518.41286pt>
File: ../C2/MycelialGraph.pdf Graphic file (type pdf)
 <use ../C2/MycelialGraph.pdf> [114 <C:/Users/Dave/Desktop/My Dropbox/Thesis/Hard Bound Thesis/C2/MyceliaProcb.png (PNG 
copy)> <C:/Users/Dave/Desktop/My Dropbox/Thesis/Hard Bound Thesis/C2/MyceliaProcd.png (PNG copy)>] [115 <C:/Users/Dave/D
esktop/My Dropbox/Thesis/Hard Bound Thesis/C2/HyphalAnalyseAlg.pdf>] <../C2/HGUDist.pdf, id=2562, 529.98048pt x 255.9562
5pt>
File: ../C2/HGUDist.pdf Graphic file (type pdf)
 <use ../C2/HGUDist.pdf>
<../C2/HGUResults.pdf, id=2564, 316.18124pt x 120.45pt>
File: ../C2/HGUResults.pdf Graphic file (type pdf)
 <use ../C2/HGUResults.pdf> [116 <C:/Users/Dave/Desktop/My Dropbox/Thesis/Hard Bound Thesis/C2/MycelialGraph.pdf>] [117 
<C:/Users/Dave/Desktop/My Dropbox/Thesis/Hard Bound Thesis/C2/HGUDist.pdf> <C:/Users/Dave/Desktop/My Dropbox/Thesis/Hard
 Bound Thesis/C2/HGUResults.pdf>]
<../C2/PelletProca.png, id=2592, 459.7175pt x 475.7775pt>
File: ../C2/PelletProca.png Graphic file (type png)
 <use ../C2/PelletProca.png>
<../C2/PelletProcb.png, id=2593, 459.7175pt x 475.7775pt>
File: ../C2/PelletProcb.png Graphic file (type png)
 <use ../C2/PelletProcb.png>
<../C2/PelletProcc.png, id=2594, 459.7175pt x 475.7775pt>
File: ../C2/PelletProcc.png Graphic file (type png)
 <use ../C2/PelletProcc.png>
<../C2/PelletProcd.pdf, id=2595, 119.44624pt x 124.465pt>
File: ../C2/PelletProcd.pdf Graphic file (type pdf)
 <use ../C2/PelletProcd.pdf>
<../C2/PelletProce.png, id=2596, 459.7175pt x 475.7775pt>
File: ../C2/PelletProce.png Graphic file (type png)
 <use ../C2/PelletProce.png>
<../C2/PelletDist.pdf, id=2599, 529.98048pt x 255.95625pt>
File: ../C2/PelletDist.pdf Graphic file (type pdf)
 <use ../C2/PelletDist.pdf>
<../C2/PelletResults.pdf, id=2601, 352.31625pt x 113.4639pt>
File: ../C2/PelletResults.pdf Graphic file (type pdf)
 <use ../C2/PelletResults.pdf>)
("C:\Users\Dave\Desktop\My Dropbox\Thesis\Hard Bound Thesis\C2\C2Discussion.tex" [118] [119 <C:/Users/Dave/Desktop/My Dr
opbox/Thesis/Hard Bound Thesis/C2/PelletProca.png (PNG copy)> <C:/Users/Dave/Desktop/My Dropbox/Thesis/Hard Bound Thesis
/C2/PelletProcb.png (PNG copy)> <C:/Users/Dave/Desktop/My Dropbox/Thesis/Hard Bound Thesis/C2/PelletProcc.png (PNG copy)
> <C:/Users/Dave/Desktop/My Dropbox/Thesis/Hard Bound Thesis/C2/PelletProcd.pdf> <C:/Users/Dave/Desktop/My Dropbox/Thesi
s/Hard Bound Thesis/C2/PelletProce.png (PNG copy)>] [120 <C:/Users/Dave/Desktop/My Dropbox/Thesis/Hard Bound Thesis/C2/P
elletDist.pdf> <C:/Users/Dave/Desktop/My Dropbox/Thesis/Hard Bound Thesis/C2/PelletResults.pdf>] [121] [122] [123]
[124])) ("C:\Users\Dave\Desktop\My Dropbox\Thesis\Hard Bound Thesis\C3\Chapter3.tex" [125]
Chapter 4.
("C:\Users\Dave\Desktop\My Dropbox\Thesis\Hard Bound Thesis\C3\C3Introduction.tex" [126

] [127] [128] [129]) [130]
[131] ("C:\Users\Dave\Desktop\My Dropbox\Thesis\Hard Bound Thesis\C3\C3Methodology.tex"
<../C3/NCDiag.pdf, id=2852, 316.18124pt x 160.6pt>
File: ../C3/NCDiag.pdf Graphic file (type pdf)
 <use ../C3/NCDiag.pdf>)
("C:\Users\Dave\Desktop\My Dropbox\Thesis\Hard Bound Thesis\C3\C3Results.tex" [132]
<../C3/BackgroundDist.pdf, id=2858, 291.0875pt x 204.765pt>
File: ../C3/BackgroundDist.pdf Graphic file (type pdf)
 <use ../C3/BackgroundDist.pdf> [133 <C:/Users/Dave/Desktop/My Dropbox/Thesis/Hard Bound Thesis/C3/NCDiag.pdf>] <../C3/S
poreGermination7h.png, id=2876, 321.2pt x 240.9pt>
File: ../C3/SporeGermination7h.png Graphic file (type png)

<use ../C3/SporeGermination7h.png> <../C3/SporeCluster8h.png, id=2877, 321.2pt x 240.9pt>
File: ../C3/SporeCluster8h.png Graphic file (type png)

<use ../C3/SporeCluster8h.png> <../C3/Branching16h.png, id=2878, 321.2pt x 240.9pt>
File: ../C3/Branching16h.png Graphic file (type png)
 <use ../C3/Branching16h.png>
<../C3/2ndGermTube16h.png, id=2879, 321.2pt x 240.9pt>
File: ../C3/2ndGermTube16h.png Graphic file (type png)
 <use ../C3/2ndGermTube16h.png> [134 <C:/Users/Dave/Desktop/My Dropbox/Thesis/Hard Bound Thesis/C3/BackgroundDist.pdf>] 
<../C3/GerminationHighMag.png, id=2899, 674.52pt x 505.89pt>
File: ../C3/GerminationHighMag.png Graphic file (type png)

<use ../C3/GerminationHighMag.png> <../C3/Septa1.png, id=2900, 642.4pt x 481.8pt>
File: ../C3/Septa1.png Graphic file (type png)
 <use ../C3/Septa1.png> [135 <C:/Users/Dave/Desktop/My Dropbox/Thesis/Hard Bound Thesis/C3/SporeGermination7h.png (PNG c
opy)> <C:/Users/Dave/Desktop/My Dropbox/Thesis/Hard Bound Thesis/C3/SporeCluster8h.png (PNG copy)> <C:/Users/Dave/Deskto
p/My Dropbox/Thesis/Hard Bound Thesis/C3/Branching16h.png (PNG copy)> <C:/Users/Dave/Desktop/My Dropbox/Thesis/Hard Boun
d Thesis/C3/2ndGermTube16h.png (PNG copy)>] <../C3/WetStainBW.png, id=2906, 228.855pt x 171.64125pt>
File: ../C3/WetStainBW.png Graphic file (type png)
 <use ../C3/WetStainBW.png>
<../C3/DryStainBW.png, id=2907, 228.855pt x 171.64125pt>
File: ../C3/DryStainBW.png Graphic file (type png)
 <use ../C3/DryStainBW.png>
<../C3/WetStainBin.png, id=2908, 228.855pt x 171.64125pt>
File: ../C3/WetStainBin.png Graphic file (type png)
 <use ../C3/WetStainBin.png>
<../C3/DryStainBin.png, id=2909, 228.855pt x 171.64125pt>
File: ../C3/DryStainBin.png Graphic file (type png)
 <use ../C3/DryStainBin.png> [136 <C:/Users/Dave/Desktop/My Dropbox/Thesis/Hard Bound Thesis/C3/GerminationHighMag.png (
PNG copy)> <C:/Users/Dave/Desktop/My Dropbox/Thesis/Hard Bound Thesis/C3/Septa1.png (PNG copy)>] [137 <C:/Users/Dave/Des
ktop/My Dropbox/Thesis/Hard Bound Thesis/C3/WetStainBW.png (PNG copy)> <C:/Users/Dave/Desktop/My Dropbox/Thesis/Hard Bou
nd Thesis/C3/DryStainBW.png (PNG copy)> <C:/Users/Dave/Desktop/My Dropbox/Thesis/Hard Bound Thesis/C3/WetStainBin.png (P
NG copy)> <C:/Users/Dave/Desktop/My Dropbox/Thesis/Hard Bound Thesis/C3/DryStainBin.png (PNG copy)>] <../C3/ApsDryT.pdf,
 id=2929, 302.12875pt x 218.8175pt>
File: ../C3/ApsDryT.pdf Graphic file (type pdf)
 <use ../C3/ApsDryT.pdf>
<../C3/ApsDry.pdf, id=2930, 302.12875pt x 218.8175pt>
File: ../C3/ApsDry.pdf Graphic file (type pdf)
 <use ../C3/ApsDry.pdf> [138] [139 <C:/Users/Dave/Desktop/My Dropbox/Thesis/Hard Bound Thesis/C3/ApsDryT.pdf> <C:/Users/
Dave/Desktop/My Dropbox/Thesis/Hard Bound Thesis/C3/ApsDry.pdf>]
<../C3/BurstTipsLoMag.png, id=2978, 513.92pt x 385.44pt>
File: ../C3/BurstTipsLoMag.png Graphic file (type png)
 <use ../C3/BurstTipsLoMag.png>
<../C3/BurstTipHiMag.png, id=2979, 513.92pt x 385.44pt>
File: ../C3/BurstTipHiMag.png Graphic file (type png)
 <use ../C3/BurstTipHiMag.png>
<../C3/Acetate02.png, id=2982, 481.8pt x 481.8pt>
File: ../C3/Acetate02.png Graphic file (type png)
 <use ../C3/Acetate02.png>
<../C3/Acetate045.png, id=2983, 481.8pt x 481.8pt>
File: ../C3/Acetate045.png Graphic file (type png)
 <use ../C3/Acetate045.png>
<../C3/Nitrate08.png, id=2984, 311.1625pt x 311.1625pt>
File: ../C3/Nitrate08.png Graphic file (type png)
 <use ../C3/Nitrate08.png>
<../C3/Nitrate30.png, id=2985, 220.825pt x 220.825pt>
File: ../C3/Nitrate30.png Graphic file (type png)
 <use ../C3/Nitrate30.png>
<../C3/Nitrate30HiMag.png, id=2986, 331.2375pt x 331.2375pt>
File: ../C3/Nitrate30HiMag.png Graphic file (type png)
 <use ../C3/Nitrate30HiMag.png>
<../C3/MixedEster045HiMag.png, id=2987, 331.2375pt x 331.2375pt>
File: ../C3/MixedEster045HiMag.png Graphic file (type png)
 <use ../C3/MixedEster045HiMag.png> [140 <C:/Users/Dave/Desktop/My Dropbox/Thesis/Hard Bound Thesis/C3/BurstTipsLoMag.pn
g (PNG copy)> <C:/Users/Dave/Desktop/My Dropbox/Thesis/Hard Bound Thesis/C3/BurstTipHiMag.png (PNG copy)>] <../C3/Submer
gedSample.png, id=2997, 501.875pt x 501.875pt>
File: ../C3/SubmergedSample.png Graphic file (type png)

<use ../C3/SubmergedSample.png> <../C3/CFWI.png, id=2998, 397.485pt x 529.98pt>
File: ../C3/CFWI.png Graphic file (type png)
 <use ../C3/CFWI.png>
<../C3/CFWActiveTip.png, id=2999, 401.5pt x 301.125pt>
File: ../C3/CFWActiveTip.png Graphic file (type png)
 <use ../C3/CFWActiveTip.png>
<../C3/CFWSeptation.png, id=3000, 650.43pt x 487.8225pt>
File: ../C3/CFWSeptation.png Graphic file (type png)
 <use ../C3/CFWSeptation.png>)
("C:\Users\Dave\Desktop\My Dropbox\Thesis\Hard Bound Thesis\C3\C3Discussion.tex" [141 <C:/Users/Dave/Desktop/My Dropbox/
Thesis/Hard Bound Thesis/C3/Acetate02.png (PNG copy)> <C:/Users/Dave/Desktop/My Dropbox/Thesis/Hard Bound Thesis/C3/Acet
ate045.png (PNG copy)> <C:/Users/Dave/Desktop/My Dropbox/Thesis/Hard Bound Thesis/C3/Nitrate08.png (PNG copy)> <C:/Users
/Dave/Desktop/My Dropbox/Thesis/Hard Bound Thesis/C3/Nitrate30.png (PNG copy)>] [142 <C:/Users/Dave/Desktop/My Dropbox/T
hesis/Hard Bound Thesis/C3/Nitrate30HiMag.png (PNG copy)> <C:/Users/Dave/Desktop/My Dropbox/Thesis/Hard Bound Thesis/C3/
MixedEster045HiMag.png (PNG copy)> <C:/Users/Dave/Desktop/My Dropbox/Thesis/Hard Bound Thesis/C3/SubmergedSample.png (PN
G copy)> <C:/Users/Dave/Desktop/My Dropbox/Thesis/Hard Bound Thesis/C3/CFWI.png (PNG copy)>] [143 <C:/Users/Dave/Desktop
/My Dropbox/Thesis/Hard Bound Thesis/C3/CFWActiveTip.png (PNG copy)> <C:/Users/Dave/Desktop/My Dropbox/Thesis/Hard Bound
 Thesis/C3/CFWSeptation.png (PNG copy)>] [144] [145] [146] [147] [148]))
("C:\Users\Dave\Desktop\My Dropbox\Thesis\Hard Bound Thesis\C4\Chapter4.tex" [149]
Chapter 5.
("C:\Users\Dave\Desktop\My Dropbox\Thesis\Hard Bound Thesis\C4\C4Introduction.tex" [150

] [151] [152] [153]) [154]
("C:\Users\Dave\Desktop\My Dropbox\Thesis\Hard Bound Thesis\C4\C4Methodology.tex")
("C:\Users\Dave\Desktop\My Dropbox\Thesis\Hard Bound Thesis\C4\C4Results.tex" [155]
<../C4/SporeApDist.pdf, id=3185, 298.11375pt x 210.7875pt>
File: ../C4/SporeApDist.pdf Graphic file (type pdf)
 <use ../C4/SporeApDist.pdf>
<../C4/SporeCDist.pdf, id=3186, 298.11375pt x 207.77625pt>
File: ../C4/SporeCDist.pdf Graphic file (type pdf)
 <use ../C4/SporeCDist.pdf> [156] [157 <C:/Users/Dave/Desktop/My Dropbox/Thesis/Hard Bound Thesis/C4/SporeApDist.pdf> <C
:/Users/Dave/Desktop/My Dropbox/Thesis/Hard Bound Thesis/C4/SporeCDist.pdf>] <../C4/ApsCsT.pdf, id=3232, 312.16624pt x 2
20.825pt>
File: ../C4/ApsCsT.pdf Graphic file (type pdf)
 <use ../C4/ApsCsT.pdf>
<../C4/ApDist0h.pdf, id=3233, 190.7125pt x 146.5475pt>
File: ../C4/ApDist0h.pdf Graphic file (type pdf)
 <use ../C4/ApDist0h.pdf>
<../C4/ApDist2h.pdf, id=3234, 190.7125pt x 146.5475pt>
File: ../C4/ApDist2h.pdf Graphic file (type pdf)
 <use ../C4/ApDist2h.pdf>
<../C4/ApDist4h.pdf, id=3235, 190.7125pt x 146.5475pt>
File: ../C4/ApDist4h.pdf Graphic file (type pdf)
 <use ../C4/ApDist4h.pdf>
<../C4/ApDist6h.pdf, id=3236, 190.7125pt x 146.5475pt>
File: ../C4/ApDist6h.pdf Graphic file (type pdf)
 <use ../C4/ApDist6h.pdf>
<../C4/ApDist8h.pdf, id=3237, 190.7125pt x 146.5475pt>
File: ../C4/ApDist8h.pdf Graphic file (type pdf)
 <use ../C4/ApDist8h.pdf> [158] [159 <C:/Users/Dave/Desktop/My Dropbox/Thesis/Hard Bound Thesis/C4/ApsCsT.pdf>] [160 <C:
/Users/Dave/Desktop/My Dropbox/Thesis/Hard Bound Thesis/C4/ApDist0h.pdf> <C:/Users/Dave/Desktop/My Dropbox/Thesis/Hard B
ound Thesis/C4/ApDist2h.pdf> <C:/Users/Dave/Desktop/My Dropbox/Thesis/Hard Bound Thesis/C4/ApDist4h.pdf> <C:/Users/Dave/
Desktop/My Dropbox/Thesis/Hard Bound Thesis/C4/ApDist6h.pdf> <C:/Users/Dave/Desktop/My Dropbox/Thesis/Hard Bound Thesis/
C4/ApDist8h.pdf>]
<../C4/TADsT.pdf, id=3382, 270.00874pt x 191.71625pt>
File: ../C4/TADsT.pdf Graphic file (type pdf)
 <use ../C4/TADsT.pdf>
<../C4/TACsT.pdf, id=3383, 268.00125pt x 191.71625pt>
File: ../C4/TACsT.pdf Graphic file (type pdf)
 <use ../C4/TACsT.pdf>
<../C4/MA6hvTAg8h.pdf, id=3384, 298.11375pt x 209.78375pt>
File: ../C4/MA6hvTAg8h.pdf Graphic file (type pdf)
 <use ../C4/MA6hvTAg8h.pdf>
<../C4/ApsCsmin.pdf, id=3386, 305.14pt x 220.825pt>
File: ../C4/ApsCsmin.pdf Graphic file (type pdf)
 <use ../C4/ApsCsmin.pdf>
<../C4/CsCsmin.pdf, id=3387, 303.1325pt x 220.825pt>
File: ../C4/CsCsmin.pdf Graphic file (type pdf)
 <use ../C4/CsCsmin.pdf> [161] [162 <C:/Users/Dave/Desktop/My Dropbox/Thesis/Hard Bound Thesis/C4/TADsT.pdf> <C:/Users/D
ave/Desktop/My Dropbox/Thesis/Hard Bound Thesis/C4/TACsT.pdf>]
[163 <C:/Users/Dave/Desktop/My Dropbox/Thesis/Hard Bound Thesis/C4/MA6hvTAg8h.pdf>] [164 <C:/Users/Dave/Desktop/My Dropb
ox/Thesis/Hard Bound Thesis/C4/ApsCsmin.pdf> <C:/Users/Dave/Desktop/My Dropbox/Thesis/Hard Bound Thesis/C4/CsCsmin.pdf>]
<../C4/ThlNtT.pdf, id=3491, 276.03125pt x 193.72375pt>
File: ../C4/ThlNtT.pdf Graphic file (type pdf)
 <use ../C4/ThlNtT.pdf>
<../C4/LhguT2.pdf, id=3492, 278.03876pt x 189.70876pt>
File: ../C4/LhguT2.pdf Graphic file (type pdf)
 <use ../C4/LhguT2.pdf>
<../C4/NThl.pdf, id=3500, 303.1325pt x 212.795pt>
File: ../C4/NThl.pdf Graphic file (type pdf)
 <use ../C4/NThl.pdf> [165] [166 <C:/Users/Dave/Desktop/My Dropbox/Thesis/Hard Bound Thesis/C4/ThlNtT.pdf> <C:/Users/Dav
e/Desktop/My Dropbox/Thesis/Hard Bound Thesis/C4/LhguT2.pdf>]
<../C4/q_hypha.pdf, id=3544, 306.14375pt x 213.79875pt>
File: ../C4/q_hypha.pdf Graphic file (type pdf)
 <use ../C4/q_hypha.pdf> [167 <C:/Users/Dave/Desktop/My Dropbox/Thesis/Hard Bound Thesis/C4/NThl.pdf>] <../C4/ThlDist.pd
f, id=3570, 304.13625pt x 209.78375pt>
File: ../C4/ThlDist.pdf Graphic file (type pdf)
 <use ../C4/ThlDist.pdf>
[168 <C:/Users/Dave/Desktop/My Dropbox/Thesis/Hard Bound Thesis/C4/q_hypha.pdf>]
<../C4/TAThlT.pdf, id=3594, 304.13625pt x 210.7875pt>
File: ../C4/TAThlT.pdf Graphic file (type pdf)
 <use ../C4/TAThlT.pdf>
<../C4/ThlChmax.pdf, id=3596, 304.13625pt x 220.825pt>
File: ../C4/ThlChmax.pdf Graphic file (type pdf)
 <use ../C4/ThlChmax.pdf>
<../C4/NtChmax.pdf, id=3597, 304.13625pt x 221.82875pt>
File: ../C4/NtChmax.pdf Graphic file (type pdf)
 <use ../C4/NtChmax.pdf> [169 <C:/Users/Dave/Desktop/My Dropbox/Thesis/Hard Bound Thesis/C4/ThlDist.pdf>] <../C4/NtLbmin
.pdf, id=3618, 303.1325pt x 220.825pt>
File: ../C4/NtLbmin.pdf Graphic file (type pdf)
 <use ../C4/NtLbmin.pdf>
[170 <C:/Users/Dave/Desktop/My Dropbox/Thesis/Hard Bound Thesis/C4/TAThlT.pdf>] [171 <C:/Users/Dave/Desktop/My Dropbox/T
hesis/Hard Bound Thesis/C4/ThlChmax.pdf> <C:/Users/Dave/Desktop/My Dropbox/Thesis/Hard Bound Thesis/C4/NtChmax.pdf>])
("C:\Users\Dave\Desktop\My Dropbox\Thesis\Hard Bound Thesis\C4\C4Discussion.tex" [172 <C:/Users/Dave/Desktop/My Dropbox/
Thesis/Hard Bound Thesis/C4/NtLbmin.pdf>] [173] [174] [175] [176]))
("C:\Users\Dave\Desktop\My Dropbox\Thesis\Hard Bound Thesis\C5\Chapter5.tex" [177]
Chapter 6.
("C:\Users\Dave\Desktop\My Dropbox\Thesis\Hard Bound Thesis\C5\C5Introduction.tex" [178

]
File: ../C1/FreeHyphalElement.pdf Graphic file (type pdf)

<use ../C1/FreeHyphalElement.pdf>
File: ../C1/MyceliumB.pdf Graphic file (type pdf)
 <use ../C1/MyceliumB.pdf>
File: ../C1/Pellet.pdf Graphic file (type pdf)
 <use ../C1/Pellet.pdf> [179] [180] [181] [182] [183]
<../C5/OverviewFlowchart.pdf, id=3919, 396.48125pt x 462.72874pt>
File: ../C5/OverviewFlowchart.pdf Graphic file (type pdf)
 <use ../C5/OverviewFlowchart.pdf>) [184] [185 <C:/Users/Dave/Desktop/My Dropbox/Thesis/Hard Bound Thesis/C5/OverviewFlo
wchart.pdf>]
("C:\Users\Dave\Desktop\My Dropbox\Thesis\Hard Bound Thesis\C5\C5Methodology.tex" [186] [187] [188])
("C:\Users\Dave\Desktop\My Dropbox\Thesis\Hard Bound Thesis\C5\C5Results.tex" [189]
<../C5/10x4.png, id=3986, 418.56375pt x 418.56375pt>
File: ../C5/10x4.png Graphic file (type png)
 <use ../C5/10x4.png>
<../C5/10x6a.png, id=3987, 468.75125pt x 468.75125pt>
File: ../C5/10x6a.png Graphic file (type png)
 <use ../C5/10x6a.png>
<../C5/10x7.png, id=3988, 468.75125pt x 468.75125pt>
File: ../C5/10x7.png Graphic file (type png)
 <use ../C5/10x7.png>
<../C5/BasicFermDp.pdf, id=3989, 280.04625pt x 197.73875pt>
File: ../C5/BasicFermDp.pdf Graphic file (type pdf)
 <use ../C5/BasicFermDp.pdf>
<../C5/PelletMorpha.png, id=3990, 481.8pt x 481.8pt>
File: ../C5/PelletMorpha.png Graphic file (type png)
 <use ../C5/PelletMorpha.png>
<../C5/PelletMorphb.png, id=3991, 481.8pt x 481.8pt>
File: ../C5/PelletMorphb.png Graphic file (type png)
 <use ../C5/PelletMorphb.png>
<../C5/PelletMorphc.png, id=3992, 481.8pt x 481.8pt>
File: ../C5/PelletMorphc.png Graphic file (type png)
 <use ../C5/PelletMorphc.png>
<../C5/PelletMorphd.png, id=3993, 481.8pt x 481.8pt>
File: ../C5/PelletMorphd.png Graphic file (type png)
 <use ../C5/PelletMorphd.png>
<../C5/PelletMorphe.png, id=3994, 481.8pt x 481.8pt>
File: ../C5/PelletMorphe.png Graphic file (type png)
 <use ../C5/PelletMorphe.png> [190 <C:/Users/Dave/Desktop/My Dropbox/Thesis/Hard Bound Thesis/C5/10x4.png (PNG copy)> <C
:/Users/Dave/Desktop/My Dropbox/Thesis/Hard Bound Thesis/C5/10x6a.png (PNG copy)> <C:/Users/Dave/Desktop/My Dropbox/Thes
is/Hard Bound Thesis/C5/10x7.png (PNG copy)>]
<../C5/PartlyStainedHypha.png, id=4009, 481.8pt x 481.8pt>
File: ../C5/PartlyStainedHypha.png Graphic file (type png)
 <use ../C5/PartlyStainedHypha.png>
<../C5/UnstainedHypha.png, id=4010, 481.8pt x 481.8pt>
File: ../C5/UnstainedHypha.png Graphic file (type png)
 <use ../C5/UnstainedHypha.png> [191] [192 <C:/Users/Dave/Desktop/My Dropbox/Thesis/Hard Bound Thesis/C5/BasicFermDp.pdf
> <C:/Users/Dave/Desktop/My Dropbox/Thesis/Hard Bound Thesis/C5/PelletMorpha.png (PNG copy)> <C:/Users/Dave/Desktop/My D
ropbox/Thesis/Hard Bound Thesis/C5/PelletMorphb.png (PNG copy)> <C:/Users/Dave/Desktop/My Dropbox/Thesis/Hard Bound Thes
is/C5/PelletMorphc.png (PNG copy)> <C:/Users/Dave/Desktop/My Dropbox/Thesis/Hard Bound Thesis/C5/PelletMorphd.png (PNG c
opy)> <C:/Users/Dave/Desktop/My Dropbox/Thesis/Hard Bound Thesis/C5/PelletMorphe.png (PNG copy)>] <../C5/DpDistDay2.pdf,
 id=4043, 184.69pt x 140.525pt>
File: ../C5/DpDistDay2.pdf Graphic file (type pdf)
 <use ../C5/DpDistDay2.pdf>
<../C5/DpDistDay3.pdf, id=4044, 184.69pt x 140.525pt>
File: ../C5/DpDistDay3.pdf Graphic file (type pdf)
 <use ../C5/DpDistDay3.pdf>
<../C5/DpDistDay4.pdf, id=4045, 184.69pt x 140.525pt>
File: ../C5/DpDistDay4.pdf Graphic file (type pdf)
 <use ../C5/DpDistDay4.pdf>
<../C5/DpDistDay5.pdf, id=4046, 184.69pt x 140.525pt>
File: ../C5/DpDistDay5.pdf Graphic file (type pdf)
 <use ../C5/DpDistDay5.pdf>
<../C5/DpDistDay8.pdf, id=4047, 184.69pt x 140.525pt>
File: ../C5/DpDistDay8.pdf Graphic file (type pdf)
 <use ../C5/DpDistDay8.pdf> [193 <C:/Users/Dave/Desktop/My Dropbox/Thesis/Hard Bound Thesis/C5/PartlyStainedHypha.png (P
NG copy)> <C:/Users/Dave/Desktop/My Dropbox/Thesis/Hard Bound Thesis/C5/UnstainedHypha.png (PNG copy)>] [194 <C:/Users/D
ave/Desktop/My Dropbox/Thesis/Hard Bound Thesis/C5/DpDistDay2.pdf> <C:/Users/Dave/Desktop/My Dropbox/Thesis/Hard Bound T
hesis/C5/DpDistDay3.pdf> <C:/Users/Dave/Desktop/My Dropbox/Thesis/Hard Bound Thesis/C5/DpDistDay4.pdf> <C:/Users/Dave/De
sktop/My Dropbox/Thesis/Hard Bound Thesis/C5/DpDistDay5.pdf> <C:/Users/Dave/Desktop/My Dropbox/Thesis/Hard Bound Thesis/
C5/DpDistDay8.pdf>]
<../C5/BasicFermBiochem.pdf, id=4154, 306.14375pt x 215.80624pt>
File: ../C5/BasicFermBiochem.pdf Graphic file (type pdf)
 <use ../C5/BasicFermBiochem.pdf>
<../C5/BasicFermSpec.pdf, id=4155, 305.14pt x 216.81pt>
File: ../C5/BasicFermSpec.pdf Graphic file (type pdf)
 <use ../C5/BasicFermSpec.pdf> [195] [196 <C:/Users/Dave/Desktop/My Dropbox/Thesis/Hard Bound Thesis/C5/BasicFermBiochem
.pdf> <C:/Users/Dave/Desktop/My Dropbox/Thesis/Hard Bound Thesis/C5/BasicFermSpec.pdf>] <../C5/MixedMorpha.png, id=4205,
 291.0875pt x 291.0875pt>
File: ../C5/MixedMorpha.png Graphic file (type png)
 <use ../C5/MixedMorpha.png>
<../C5/MixedMorphb.png, id=4206, 291.0875pt x 291.0875pt>
File: ../C5/MixedMorphb.png Graphic file (type png)
 <use ../C5/MixedMorphb.png>
<../C5/MixedMorphc.png, id=4207, 301.125pt x 301.125pt>
File: ../C5/MixedMorphc.png Graphic file (type png)
 <use ../C5/MixedMorphc.png>
<../C5/MixedMorphd.png, id=4208, 331.2375pt x 331.2375pt>
File: ../C5/MixedMorphd.png Graphic file (type png)
 <use ../C5/MixedMorphd.png>
<../C5/VaryCPelletMorpha.png, id=4209, 481.8pt x 481.8pt>
File: ../C5/VaryCPelletMorpha.png Graphic file (type png)
 <use ../C5/VaryCPelletMorpha.png>
<../C5/VaryCPelletMorphb.png, id=4210, 481.8pt x 481.8pt>
File: ../C5/VaryCPelletMorphb.png Graphic file (type png)
 <use ../C5/VaryCPelletMorphb.png>
<../C5/VaryCPelletMorphc.png, id=4211, 481.8pt x 481.8pt>
File: ../C5/VaryCPelletMorphc.png Graphic file (type png)
 <use ../C5/VaryCPelletMorphc.png>
<../C5/VaryCPelletMorphd.png, id=4212, 481.8pt x 481.8pt>
File: ../C5/VaryCPelletMorphd.png Graphic file (type png)
 <use ../C5/VaryCPelletMorphd.png> [197] [198 <C:/Users/Dave/Desktop/My Dropbox/Thesis/Hard Bound Thesis/C5/MixedMorpha.
png (PNG copy)> <C:/Users/Dave/Desktop/My Dropbox/Thesis/Hard Bound Thesis/C5/MixedMorphb.png (PNG copy)> <C:/Users/Dave
/Desktop/My Dropbox/Thesis/Hard Bound Thesis/C5/MixedMorphc.png (PNG copy)> <C:/Users/Dave/Desktop/My Dropbox/Thesis/Har
d Bound Thesis/C5/MixedMorphd.png (PNG copy)> <C:/Users/Dave/Desktop/My Dropbox/Thesis/Hard Bound Thesis/C5/VaryCPelletM
orpha.png (PNG copy)> <C:/Users/Dave/Desktop/My Dropbox/Thesis/Hard Bound Thesis/C5/VaryCPelletMorphb.png (PNG copy)> <C
:/Users/Dave/Desktop/My Dropbox/Thesis/Hard Bound Thesis/C5/VaryCPelletMorphc.png (PNG copy)> <C:/Users/Dave/Desktop/My 
Dropbox/Thesis/Hard Bound Thesis/C5/VaryCPelletMorphd.png (PNG copy)>] <../C5/AaDCWS.pdf, id=4236, 303.1325pt x 224.84pt
>
File: ../C5/AaDCWS.pdf Graphic file (type pdf)
 <use ../C5/AaDCWS.pdf>
<../C5/VaryCMixed.pdf, id=4237, 303.1325pt x 224.84pt>
File: ../C5/VaryCMixed.pdf Graphic file (type pdf)
 <use ../C5/VaryCMixed.pdf>
<../C5/VaryCAAperDCW.pdf, id=4240, 303.1325pt x 234.8775pt>
File: ../C5/VaryCAAperDCW.pdf Graphic file (type pdf)
 <use ../C5/VaryCAAperDCW.pdf> [199] [200 <C:/Users/Dave/Desktop/My Dropbox/Thesis/Hard Bound Thesis/C5/AaDCWS.pdf> <C:/
Users/Dave/Desktop/My Dropbox/Thesis/Hard Bound Thesis/C5/VaryCMixed.pdf>] [201 <C:/Users/Dave/Desktop/My Dropbox/Thesis
/Hard Bound Thesis/C5/VaryCAAperDCW.pdf>]
<../C5/AaDCWApC.pdf, id=4308, 310.15875pt x 207.77625pt>
File: ../C5/AaDCWApC.pdf Graphic file (type pdf)
 <use ../C5/AaDCWApC.pdf>
<../C5/SporeAggregate.png, id=4310, 301.125pt x 301.125pt>
File: ../C5/SporeAggregate.png Graphic file (type png)
 <use ../C5/SporeAggregate.png> [202] [203]
<../C5/AmylasePelletInoc.pdf, id=4325, 300.12125pt x 212.795pt>
File: ../C5/AmylasePelletInoc.pdf Graphic file (type pdf)
 <use ../C5/AmylasePelletInoc.pdf>
<../C5/asDpCi.pdf, id=4326, 299.1175pt x 214.8025pt>
File: ../C5/asDpCi.pdf Graphic file (type pdf)
 <use ../C5/asDpCi.pdf> [204 <C:/Users/Dave/Desktop/My Dropbox/Thesis/Hard Bound Thesis/C5/AaDCWApC.pdf>] [205 <C:/Users
/Dave/Desktop/My Dropbox/Thesis/Hard Bound Thesis/C5/SporeAggregate.png (PNG copy)>] [206 <C:/Users/Dave/Desktop/My Drop
box/Thesis/Hard Bound Thesis/C5/AmylasePelletInoc.pdf> <C:/Users/Dave/Desktop/My Dropbox/Thesis/Hard Bound Thesis/C5/asD
pCi.pdf>] [207]
<../C5/aaDCWT80.pdf, id=4427, 305.14pt x 209.78375pt>
File: ../C5/aaDCWT80.pdf Graphic file (type pdf)
 <use ../C5/aaDCWT80.pdf> [208 <C:/Users/Dave/Desktop/My Dropbox/Thesis/Hard Bound Thesis/C5/aaDCWT80.pdf>] <../C5/DpT80
.pdf, id=4449, 304.13625pt x 219.82124pt>
File: ../C5/DpT80.pdf Graphic file (type pdf)
 <use ../C5/DpT80.pdf>
<../C5/asDpT80.pdf, id=4450, 305.14pt x 215.80624pt>
File: ../C5/asDpT80.pdf Graphic file (type pdf)
 <use ../C5/asDpT80.pdf>
<../C5/Pellet00T80.pdf, id=4453, 385.44pt x 385.44pt>
File: ../C5/Pellet00T80.pdf Graphic file (type pdf)
 <use ../C5/Pellet00T80.pdf>
<../C5/Pellet10T80.pdf, id=4455, 385.44pt x 385.44pt>
File: ../C5/Pellet10T80.pdf Graphic file (type pdf)
 <use ../C5/Pellet10T80.pdf> [209] [210 <C:/Users/Dave/Desktop/My Dropbox/Thesis/Hard Bound Thesis/C5/DpT80.pdf> <C:/Use
rs/Dave/Desktop/My Dropbox/Thesis/Hard Bound Thesis/C5/asDpT80.pdf>] <../C5/LhguT80.pdf, id=4504, 304.13625pt x 219.8212
4pt>
File: ../C5/LhguT80.pdf Graphic file (type pdf)
 <use ../C5/LhguT80.pdf>
<../C5/ThlNtT80.pdf, id=4505, 302.12875pt x 219.82124pt>
File: ../C5/ThlNtT80.pdf Graphic file (type pdf)
 <use ../C5/ThlNtT80.pdf>
<../C5/AggT.pdf, id=4508, 305.14pt x 220.825pt>
File: ../C5/AggT.pdf Graphic file (type pdf)
 <use ../C5/AggT.pdf> [211 <C:/Users/Dave/Desktop/My Dropbox/Thesis/Hard Bound Thesis/C5/Pellet00T80.pdf> <C:/Users/Dave
/Desktop/My Dropbox/Thesis/Hard Bound Thesis/C5/Pellet10T80.pdf>]
[212 <C:/Users/Dave/Desktop/My Dropbox/Thesis/Hard Bound Thesis/C5/LhguT80.pdf> <C:/Users/Dave/Desktop/My Dropbox/Thesis
/Hard Bound Thesis/C5/ThlNtT80.pdf>] [213 <C:/Users/Dave/Desktop/My Dropbox/Thesis/Hard Bound Thesis/C5/AggT.pdf>]
<../C5/TX100Morph.png, id=4577, 401.5pt x 401.5pt>
File: ../C5/TX100Morph.png Graphic file (type png)
 <use ../C5/TX100Morph.png>
<../C5/CMCMorph.png, id=4578, 401.5pt x 401.5pt>
File: ../C5/CMCMorph.png Graphic file (type png)
 <use ../C5/CMCMorph.png>
<../C5/SG200Morph.png, id=4579, 401.5pt x 401.5pt>
File: ../C5/SG200Morph.png Graphic file (type png)
 <use ../C5/SG200Morph.png> [214]
<../C5/aaDCWDet.pdf, id=4588, 286.06876pt x 200.75pt>
File: ../C5/aaDCWDet.pdf Graphic file (type pdf)
 <use ../C5/aaDCWDet.pdf>
<../C5/asDpDet.pdf, id=4589, 291.0875pt x 203.76125pt>
File: ../C5/asDpDet.pdf Graphic file (type pdf)
 <use ../C5/asDpDet.pdf>) [215 <C:/Users/Dave/Desktop/My Dropbox/Thesis/Hard Bound Thesis/C5/TX100Morph.png (PNG copy)> 
<C:/Users/Dave/Desktop/My Dropbox/Thesis/Hard Bound Thesis/C5/CMCMorph.png (PNG copy)> <C:/Users/Dave/Desktop/My Dropbox
/Thesis/Hard Bound Thesis/C5/SG200Morph.png (PNG copy)>] [216 <C:/Users/Dave/Desktop/My Dropbox/Thesis/Hard Bound Thesis
/C5/aaDCWDet.pdf> <C:/Users/Dave/Desktop/My Dropbox/Thesis/Hard Bound Thesis/C5/asDpDet.pdf>] ("C:\Users\Dave\Desktop\My
 Dropbox\Thesis\Hard Bound Thesis\C5\C5Discussion.tex" [217]
[218] [219] [220] [221] [222] [223] [224] [225] [226] [227] [228] [229]))
("C:\Users\Dave\Desktop\My Dropbox\Thesis\Hard Bound Thesis\C6\Chapter6.tex" [230]
Chapter 7.
("C:\Users\Dave\Desktop\My Dropbox\Thesis\Hard Bound Thesis\C6\C6Introduction.tex" [231

] [232]
<../C6/ferna.png, id=4826, 358.33875pt x 426.59375pt>
File: ../C6/ferna.png Graphic file (type png)
 <use ../C6/ferna.png>
<../C6/fernb.png, id=4827, 239.89626pt x 467.7475pt>
File: ../C6/fernb.png Graphic file (type png)
 <use ../C6/fernb.png>
<../C6/fernc.png, id=4828, 212.795pt x 502.87875pt>
File: ../C6/fernc.png Graphic file (type png)
 <use ../C6/fernc.png>
<../C6/PersianFractal.png, id=4829, 501.875pt x 376.40625pt>
File: ../C6/PersianFractal.png Graphic file (type png)
 <use ../C6/PersianFractal.png>
<../C6/hokusai.png, id=4830, 630.355pt x 426.59375pt>
File: ../C6/hokusai.png Graphic file (type png)
 <use ../C6/hokusai.png> [233 <C:/Users/Dave/Desktop/My Dropbox/Thesis/Hard Bound Thesis/C6/ferna.png (PNG copy)> <C:/Us
ers/Dave/Desktop/My Dropbox/Thesis/Hard Bound Thesis/C6/fernb.png (PNG copy)> <C:/Users/Dave/Desktop/My Dropbox/Thesis/H
ard Bound Thesis/C6/fernc.png (PNG copy)>] [234 <C:/Users/Dave/Desktop/My Dropbox/Thesis/Hard Bound Thesis/C6/PersianFra
ctal.png (PNG copy)> <C:/Users/Dave/Desktop/My Dropbox/Thesis/Hard Bound Thesis/C6/hokusai.png (PNG copy)>] <../C6/Kochn
0.pdf, id=4865, 403.106pt x 1.0954pt>
File: ../C6/Kochn0.pdf Graphic file (type pdf)
 <use ../C6/Kochn0.pdf>
<../C6/Kochn1.pdf, id=4867, 401.5pt x 234.47601pt>
File: ../C6/Kochn1.pdf Graphic file (type pdf)
 <use ../C6/Kochn1.pdf>
<../C6/qKochn1.pdf, id=4869, 403.106pt x 202.356pt>
File: ../C6/qKochn1.pdf Graphic file (type pdf)
 <use ../C6/qKochn1.pdf>
<../C6/Kochn2.pdf, id=4871, 401.5pt x 234.47601pt>
File: ../C6/Kochn2.pdf Graphic file (type pdf)
 <use ../C6/Kochn2.pdf>
<../C6/qKochn2.pdf, id=4873, 403.106pt x 252.945pt>
File: ../C6/qKochn2.pdf Graphic file (type pdf)
 <use ../C6/qKochn2.pdf>
<../C6/Kochn3.pdf, id=4875, 401.5pt x 234.47601pt>
File: ../C6/Kochn3.pdf Graphic file (type pdf)
 <use ../C6/Kochn3.pdf>
<../C6/qKochn3.pdf, id=4877, 403.106pt x 265.79298pt>
File: ../C6/qKochn3.pdf Graphic file (type pdf)
 <use ../C6/qKochn3.pdf>
<../C6/Kochn4.pdf, id=4879, 401.5pt x 234.47601pt>
File: ../C6/Kochn4.pdf Graphic file (type pdf)
 <use ../C6/Kochn4.pdf>
<../C6/qKochn4.pdf, id=4881, 403.106pt x 268.2003pt>
File: ../C6/qKochn4.pdf Graphic file (type pdf)
 <use ../C6/qKochn4.pdf> [235] [236 <C:/Users/Dave/Desktop/My Dropbox/Thesis/Hard Bound Thesis/C6/Kochn0.pdf> <C:/Users/
Dave/Desktop/My Dropbox/Thesis/Hard Bound Thesis/C6/Kochn1.pdf> <C:/Users/Dave/Desktop/My Dropbox/Thesis/Hard Bound Thes
is/C6/qKochn1.pdf> <C:/Users/Dave/Desktop/My Dropbox/Thesis/Hard Bound Thesis/C6/Kochn2.pdf> <C:/Users/Dave/Desktop/My D
ropbox/Thesis/Hard Bound Thesis/C6/qKochn2.pdf> <C:/Users/Dave/Desktop/My Dropbox/Thesis/Hard Bound Thesis/C6/Kochn3.pdf
> <C:/Users/Dave/Desktop/My Dropbox/Thesis/Hard Bound Thesis/C6/qKochn3.pdf> <C:/Users/Dave/Desktop/My Dropbox/Thesis/Ha
rd Bound Thesis/C6/Kochn4.pdf> <C:/Users/Dave/Desktop/My Dropbox/Thesis/Hard Bound Thesis/C6/qKochn4.pdf>] <../C6/EDMFra
c.png, id=4911, 301.125pt x 301.125pt>
File: ../C6/EDMFrac.png Graphic file (type png)
 <use ../C6/EDMFrac.png>
<../C6/EDMFracb.png, id=4912, 301.125pt x 301.125pt>
File: ../C6/EDMFracb.png Graphic file (type png)
 <use ../C6/EDMFracb.png>
<../C6/EDMFracPlot.pdf, id=4913, 275.0275pt x 192.72pt>
File: ../C6/EDMFracPlot.pdf Graphic file (type pdf)
 <use ../C6/EDMFracPlot.pdf>) [237] [238 <C:/Users/Dave/Desktop/My Dropbox/Thesis/Hard Bound Thesis/C6/EDMFrac.png (PNG 
copy)> <C:/Users/Dave/Desktop/My Dropbox/Thesis/Hard Bound Thesis/C6/EDMFracb.png (PNG copy)> <C:/Users/Dave/Desktop/My 
Dropbox/Thesis/Hard Bound Thesis/C6/EDMFracPlot.pdf>]
("C:\Users\Dave\Desktop\My Dropbox\Thesis\Hard Bound Thesis\C6\C6Methodology.tex" [239] [240]
<../C6/Outline.pdf, id=4966, 242.9075pt x 170.6375pt>
File: ../C6/Outline.pdf Graphic file (type pdf)
 <use ../C6/Outline.pdf>
<../C6/dp.pdf, id=4967, 303.1325pt x 218.8175pt>
File: ../C6/dp.pdf Graphic file (type pdf)
 <use ../C6/dp.pdf>
<../C6/LogPLogF.pdf, id=4968, 303.1325pt x 221.82875pt>
File: ../C6/LogPLogF.pdf Graphic file (type pdf)
 <use ../C6/LogPLogF.pdf>)
("C:\Users\Dave\Desktop\My Dropbox\Thesis\Hard Bound Thesis\C6\C6ResultsDiscussion.tex" [241] [242 <C:/Users/Dave/Deskto
p/My Dropbox/Thesis/Hard Bound Thesis/C6/Outline.pdf> <C:/Users/Dave/Desktop/My Dropbox/Thesis/Hard Bound Thesis/C6/dp.p
df>] [243 <C:/Users/Dave/Desktop/My Dropbox/Thesis/Hard Bound Thesis/C6/LogPLogF.pdf>]
<../C6/LhguDT.pdf, id=5024, 302.12875pt x 223.83624pt>
File: ../C6/LhguDT.pdf Graphic file (type pdf)
 <use ../C6/LhguDT.pdf>
<../C6/DLhgu.pdf, id=5027, 303.1325pt x 230.8625pt>
File: ../C6/DLhgu.pdf Graphic file (type pdf)
 <use ../C6/DLhgu.pdf>
<../C6/DAp.pdf, id=5028, 303.1325pt x 230.8625pt>
File: ../C6/DAp.pdf Graphic file (type pdf)
 <use ../C6/DAp.pdf> [244 <C:/Users/Dave/Desktop/My Dropbox/Thesis/Hard Bound Thesis/C6/LhguDT.pdf>] [245] [246 <C:/User
s/Dave/Desktop/My Dropbox/Thesis/Hard Bound Thesis/C6/DLhgu.pdf>]
[247 <C:/Users/Dave/Desktop/My Dropbox/Thesis/Hard Bound Thesis/C6/DAp.pdf>] [248] [249]))
("C:\Users\Dave\Desktop\My Dropbox\Thesis\Hard Bound Thesis\C7\GenDisc.tex" [250]
Chapter 8.
[251

] [252] [253] <../C7/HyphaA.pdf, id=5181, 482.85555pt x 185.22998pt>
File: ../C7/HyphaA.pdf Graphic file (type pdf)
 <use ../C7/HyphaA.pdf>
<../C7/HyphaB.pdf, id=5183, 226.8475pt x 64.24pt>
File: ../C7/HyphaB.pdf Graphic file (type pdf)
 <use ../C7/HyphaB.pdf>
<../C7/HyphaC.pdf, id=5184, 164.74146pt x 98.0793pt>
File: ../C7/HyphaC.pdf Graphic file (type pdf)
 <use ../C7/HyphaC.pdf> [254] [255 <C:/Users/Dave/Desktop/My Dropbox/Thesis/Hard Bound Thesis/C7/HyphaA.pdf> <C:/Users/D
ave/Desktop/My Dropbox/Thesis/Hard Bound Thesis/C7/HyphaB.pdf> <C:/Users/Dave/Desktop/My Dropbox/Thesis/Hard Bound Thesi
s/C7/HyphaC.pdf>] [256] [257]
<../C7/PelletRegions.pdf, id=5259, 244.915pt x 132.495pt>
File: ../C7/PelletRegions.pdf Graphic file (type pdf)
 <use ../C7/PelletRegions.pdf> [258] [259 <C:/Users/Dave/Desktop/My Dropbox/Thesis/Hard Bound Thesis/C7/PelletRegions.pd
f>] [260]
LaTeX Font Info:    Try loading font information for OT1+ptm on input line 63.

("d:\Program Files\MiKTeX 2.7\tex\latex\psnfss\ot1ptm.fd"
File: ot1ptm.fd 2001/06/04 font definitions for OT1/ptm.
) <../C7/ElementA.pdf, id=5297, 200.75pt x 200.75pt>
File: ../C7/ElementA.pdf Graphic file (type pdf)

<use ../C7/ElementA.pdf> <../C7/MyceliumA.pdf, id=5299, 401.5pt x 401.5pt>
File: ../C7/MyceliumA.pdf Graphic file (type pdf)
 <use ../C7/MyceliumA.pdf>
LaTeX Font Info:    Font shape `OT1/ptm/bx/n' in size <10> not available
(Font)              Font shape `OT1/ptm/b/n' tried instead on input line 71.

<../C7/ColonyA.pdf, id=5301, 803.0pt x 803.0pt>
File: ../C7/ColonyA.pdf Graphic file (type pdf)
 <use ../C7/ColonyA.pdf>
<../C7/ElementB.pdf, id=5303, 200.75pt x 200.75pt>
File: ../C7/ElementB.pdf Graphic file (type pdf)
 <use ../C7/ElementB.pdf>
<../C7/MyceliumB.pdf, id=5305, 401.5pt x 401.5pt>
File: ../C7/MyceliumB.pdf Graphic file (type pdf)
 <use ../C7/MyceliumB.pdf>
<../C7/ColonyB.pdf, id=5307, 803.0pt x 803.0pt>
File: ../C7/ColonyB.pdf Graphic file (type pdf)
 <use ../C7/ColonyB.pdf>
<../C7/ElementC.pdf, id=5309, 200.75pt x 200.75pt>
File: ../C7/ElementC.pdf Graphic file (type pdf)
 <use ../C7/ElementC.pdf>
<../C7/MyceliumC.pdf, id=5311, 521.95pt x 521.95pt>
File: ../C7/MyceliumC.pdf Graphic file (type pdf)
 <use ../C7/MyceliumC.pdf>
<../C7/ColonyC.pdf, id=5313, 803.0pt x 803.0pt>
File: ../C7/ColonyC.pdf Graphic file (type pdf)
 <use ../C7/ColonyC.pdf>
<../C7/TimeAxis.pdf, id=5315, 397.485pt x 19.07124pt>
File: ../C7/TimeAxis.pdf Graphic file (type pdf)
 <use ../C7/TimeAxis.pdf> [261] [262 <C:/Users/Dave/Desktop/My Dropbox/Thesis/Hard Bound Thesis/C7/ElementA.pdf> <C:/Use
rs/Dave/Desktop/My Dropbox/Thesis/Hard Bound Thesis/C7/MyceliumA.pdf> <C:/Users/Dave/Desktop/My Dropbox/Thesis/Hard Boun
d Thesis/C7/ColonyA.pdf> <C:/Users/Dave/Desktop/My Dropbox/Thesis/Hard Bound Thesis/C7/ElementB.pdf> <C:/Users/Dave/Desk
top/My Dropbox/Thesis/Hard Bound Thesis/C7/MyceliumB.pdf> <C:/Users/Dave/Desktop/My Dropbox/Thesis/Hard Bound Thesis/C7/
ColonyB.pdf> <C:/Users/Dave/Desktop/My Dropbox/Thesis/Hard Bound Thesis/C7/ElementC.pdf> <C:/Users/Dave/Desktop/My Dropb
ox/Thesis/Hard Bound Thesis/C7/MyceliumC.pdf> <C:/Users/Dave/Desktop/My Dropbox/Thesis/Hard Bound Thesis/C7/ColonyC.pdf>
 <C:/Users/Dave/Desktop/My Dropbox/Thesis/Hard Bound Thesis/C7/TimeAxis.pdf>]) [263] (Compilation.bbl [264

] [265]
Underfull \hbox (badness 3068) in paragraph at lines 160--167
[]\OT1/cmr/m/n/12 J. Heit-man.  ``Sex-ual re-pro-duc-tion and the evo-lu-tion of mi-cro-bial
 []

[266] [267] [268] [269] [270] [271] [272] [273] [274]
Underfull \hbox (badness 1221) in paragraph at lines 677--684
[]\OT1/cmr/m/n/12 J. A. Rocha-Valadez, M. Has-san, G. Corkidi, C. Flo-res, E. Galindo
 []

[275] [276] [277] [278] [279]
Underfull \hbox (badness 1173) in paragraph at lines 974--982
\OT1/cmr/m/it/12 nol Bio-eng\OT1/cmr/m/n/12 , vol. 70, no. 3: pp. 300--12, 2000.  Doi: [][]10.1002/1097-
 []

[280] [281] [282] [283] [284] [285] [286] [287]
Underfull \hbox (badness 1205) in paragraph at lines 1435--1442
\OT1/cmr/m/n/12 ture.''  \OT1/cmr/m/it/12 Pro-cess Biochem\OT1/cmr/m/n/12 , vol. 41, no. 5: pp. 1063--71, 2006.  Doi:
 []

[288] [289] [290] [291] [292] [293] [294] [295]
Underfull \hbox (badness 1838) in paragraph at lines 1856--1862
\OT1/cmr/m/it/12 niger\OT1/cmr/m/n/12 .''  \OT1/cmr/m/it/12 Biotech-nol Tech\OT1/cmr/m/n/12 , vol. 13, no. 1: pp. 33--36
, 1999.  Doi:
 []

[296] [297]) [298] (About.tex) [299

]
Package atveryend Info: Empty hook `BeforeClearDocument' on input line 70.
Package atveryend Info: Empty hook `AfterLastShipout' on input line 70.
 (Compilation.aux (title.aux) (Abstract.aux) (Declaration.aux) (Quotation.aux)
(Acknowledgements.aux) (pubs.aux) (Nomenclature.aux) (About.aux))
Package atveryend Info: Executing hook `AtVeryEndDocument' on input line 70.
Package rerunfilecheck Info: File `Compilation.out' has not changed.
(rerunfilecheck)             Checksum: 14F18B4D8D3AB051A783D86937BFCDD2;10346.
 ) 
Here is how much of TeX's memory you used:
 12728 strings out of 95304
 193086 string characters out of 1183038
 311324 words of memory out of 1500000
 14326 multiletter control sequences out of 110000
 23086 words of font info for 76 fonts, out of 3000000 for 5000
 14 hyphenation exceptions out of 8191
 63i,17n,96p,2315b,1388s stack positions out of 5000i,500n,10000p,200000b,50000s
{d:/Program Files/MiKTeX 2.7/fonts/enc/dvips/fontname/8r.enc}<d:/Program Files/MiKTeX 2.7/fonts/type1/public/amsfonts/
cm/cmbx10.pfb><d:/Program Files/MiKTeX 2.7/fonts/type1/public/amsfonts/cm/cmbx12.pfb><d:/Program Files/MiKTeX 2.7/fonts/
type1/public/amsfonts/cm/cmbxti10.pfb><d:/Program Files/MiKTeX 2.7/fonts/type1/public/amsfonts/cm/cmcsc10.pfb><d:/Progra
m Files/MiKTeX 2.7/fonts/type1/public/amsfonts/cm/cmex10.pfb><d:/Program Files/MiKTeX 2.7/fonts/type1/public/amsfonts/cm
/cmmi10.pfb><d:/Program Files/MiKTeX 2.7/fonts/type1/public/amsfonts/cm/cmmi12.pfb><d:/Program Files/MiKTeX 2.7/fonts/ty
pe1/public/amsfonts/cm/cmmi7.pfb><d:/Program Files/MiKTeX 2.7/fonts/type1/public/amsfonts/cm/cmmi8.pfb><d:/Program Files
/MiKTeX 2.7/fonts/type1/public/amsfonts/cm/cmr10.pfb><d:/Program Files/MiKTeX 2.7/fonts/type1/public/amsfonts/cm/cmr12.p
fb><d:/Program Files/MiKTeX 2.7/fonts/type1/public/amsfonts/cm/cmr6.pfb><d:/Program Files/MiKTeX 2.7/fonts/type1/public/
amsfonts/cm/cmr7.pfb><d:/Program Files/MiKTeX 2.7/fonts/type1/public/amsfonts/cm/cmr8.pfb><d:/Program Files/MiKTeX 2.7/f
onts/type1/public/amsfonts/cm/cmss12.pfb><d:/Program Files/MiKTeX 2.7/fonts/type1/public/amsfonts/cm/cmss8.pfb><d:/Progr
am Files/MiKTeX 2.7/fonts/type1/public/amsfonts/cm/cmsy10.pfb><d:/Program Files/MiKTeX 2.7/fonts/type1/public/amsfonts/c
m/cmsy7.pfb><d:/Program Files/MiKTeX 2.7/fonts/type1/public/amsfonts/cm/cmsy8.pfb><d:/Program Files/MiKTeX 2.7/fonts/typ
e1/public/amsfonts/cm/cmti10.pfb><d:/Program Files/MiKTeX 2.7/fonts/type1/public/amsfonts/cm/cmti12.pfb><d:/Program File
s/MiKTeX 2.7/fonts/type1/public/amsfonts/symbols/msam10.pfb><d:/Program Files/MiKTeX 2.7/fonts/type1/urw/times/utmr8a.pf
b>
Output written on Compilation.pdf (331 pages, 10153062 bytes).
PDF statistics:
 6022 PDF objects out of 6186 (max. 8388607)
 1044 named destinations out of 1200 (max. 131072)
 1927 words of extra memory for PDF output out of 10000 (max. 10000000)

